{"E:/workspace/project/erp-admin-system/.eslintrc.cjs": {"path":"E:/workspace/project/erp-admin-system/.eslintrc.cjs","statementMap":{"0":{"start":{"line":2,"column":0},"end":{"line":47,"column":null}}},"fnMap":{},"branchMap":{"0":{"loc":{"start":{"line":36,"column":18},"end":{"line":36,"column":72}},"type":"cond-expr","locations":[{"start":{"line":36,"column":58},"end":{"line":36,"column":64}},{"start":{"line":36,"column":67},"end":{"line":36,"column":72}}]},"1":{"loc":{"start":{"line":37,"column":19},"end":{"line":37,"column":74}},"type":"cond-expr","locations":[{"start":{"line":37,"column":59},"end":{"line":37,"column":66}},{"start":{"line":37,"column":69},"end":{"line":37,"column":74}}]}},"s":{"0":0},"f":{},"b":{"0":[0,0],"1":[0,0]}}
,"E:/workspace/project/erp-admin-system/src/App.vue": {"path":"E:/workspace/project/erp-admin-system/src/App.vue","statementMap":{"0":{"start":{"line":13,"column":18},"end":{"line":13,"column":null}}},"fnMap":{"0":{"name":"(anonymous_4)","decl":{"start":{"line":13,"column":4},"end":{"line":13,"column":18}},"loc":{"start":{"line":13,"column":18},"end":{"line":13,"column":null}}}},"branchMap":{},"s":{"0":0},"f":{"0":0},"b":{}}
,"E:/workspace/project/erp-admin-system/src/main.ts": {"path":"E:/workspace/project/erp-admin-system/src/main.ts","statementMap":{"0":{"start":{"line":10,"column":12},"end":{"line":10,"column":null}},"1":{"start":{"line":12,"column":0},"end":{"line":12,"column":null}},"2":{"start":{"line":13,"column":0},"end":{"line":13,"column":null}},"3":{"start":{"line":14,"column":0},"end":{"line":14,"column":null}},"4":{"start":{"line":15,"column":0},"end":{"line":15,"column":null}},"5":{"start":{"line":17,"column":0},"end":{"line":17,"column":null}}},"fnMap":{},"branchMap":{},"s":{"0":0,"1":0,"2":0,"3":0,"4":0,"5":0},"f":{},"b":{}}
,"E:/workspace/project/erp-admin-system/src/components/Breadcrumb.vue": {"path":"E:/workspace/project/erp-admin-system/src/components/Breadcrumb.vue","statementMap":{"0":{"start":{"line":5,"column":16},"end":{"line":5,"column":null}},"1":{"start":{"line":6,"column":17},"end":{"line":6,"column":null}},"2":{"start":{"line":9,"column":22},"end":{"line":9,"column":null}},"3":{"start":{"line":9,"column":37},"end":{"line":9,"column":83}},"4":{"start":{"line":9,"column":66},"end":{"line":9,"column":82}},"5":{"start":{"line":14,"column":44},"end":{"line":14,"column":63}},"6":{"start":{"line":16,"column":27},"end":{"line":null,"column":-1}}},"fnMap":{"0":{"name":"(anonymous_1)","decl":{"start":{"line":9,"column":31},"end":{"line":9,"column":37}},"loc":{"start":{"line":9,"column":37},"end":{"line":9,"column":83}}},"1":{"name":"(anonymous_2)","decl":{"start":{"line":9,"column":58},"end":{"line":9,"column":66}},"loc":{"start":{"line":9,"column":66},"end":{"line":9,"column":82}}},"2":{"name":"(anonymous_7)","decl":{"start":{"line":14,"column":42},"end":{"line":14,"column":44}},"loc":{"start":{"line":14,"column":44},"end":{"line":14,"column":63}}},"3":{"name":"(anonymous_9)","decl":{"start":{"line":16,"column":6},"end":{"line":16,"column":9}},"loc":{"start":{"line":16,"column":27},"end":{"line":null,"column":-1}}}},"branchMap":{"0":{"loc":{"start":{"line":14,"column":44},"end":{"line":14,"column":63}},"type":"binary-expr","locations":[{"start":{"line":14,"column":44},"end":{"line":14,"column":63}},{"start":{"line":14,"column":44},"end":{"line":14,"column":63}}]},"1":{"loc":{"start":{"line":15,"column":72},"end":{"line":15,"column":null}},"type":"binary-expr","locations":[{"start":{"line":15,"column":72},"end":{"line":15,"column":89}},{"start":{"line":15,"column":89},"end":{"line":15,"column":null}}]}},"s":{"0":0,"1":0,"2":0,"3":0,"4":0,"5":0,"6":0},"f":{"0":0,"1":0,"2":0,"3":0},"b":{"0":[0,0],"1":[0,0]}}
,"E:/workspace/project/erp-admin-system/src/components/HelloWorld.vue": {"path":"E:/workspace/project/erp-admin-system/src/components/HelloWorld.vue","statementMap":{"0":{"start":{"line":7,"column":14},"end":{"line":7,"column":null}},"1":{"start":{"line":31,"column":13},"end":{"line":31,"column":49}},"2":{"start":{"line":52,"column":13},"end":{"line":52,"column":42}},"3":{"start":{"line":60,"column":19},"end":{"line":60,"column":48}},"4":{"start":{"line":68,"column":19},"end":{"line":68,"column":49}},"5":{"start":{"line":76,"column":19},"end":{"line":76,"column":43}},"6":{"start":{"line":84,"column":19},"end":{"line":84,"column":49}},"7":{"start":{"line":11,"column":11},"end":{"line":11,"column":null}},"8":{"start":{"line":12,"column":9},"end":{"line":12,"column":null}},"9":{"start":{"line":28,"column":11},"end":{"line":28,"column":null}},"10":{"start":{"line":29,"column":9},"end":{"line":29,"column":null}},"11":{"start":{"line":21,"column":50},"end":{"line":21,"column":59}}},"fnMap":{"0":{"name":"(anonymous_5)","decl":{"start":{"line":21,"column":48},"end":{"line":21,"column":50}},"loc":{"start":{"line":21,"column":50},"end":{"line":21,"column":59}}}},"branchMap":{"0":{"loc":{"start":{"line":17,"column":4},"end":{"line":17,"column":null}},"type":"binary-expr","locations":[{"start":{"line":17,"column":4},"end":{"line":17,"column":null}}]},"1":{"loc":{"start":{"line":21,"column":48},"end":{"line":21,"column":59}},"type":"binary-expr","locations":[{"start":{"line":21,"column":48},"end":{"line":21,"column":50}},{"start":{"line":21,"column":48},"end":{"line":21,"column":59}}]},"2":{"loc":{"start":{"line":26,"column":2},"end":{"line":26,"column":27}},"type":"binary-expr","locations":[{"start":{"line":26,"column":2},"end":{"line":26,"column":7}},{"start":{"line":26,"column":2},"end":{"line":26,"column":27}}]},"3":{"loc":{"start":{"line":49,"column":10},"end":{"line":49,"column":null}},"type":"binary-expr","locations":[{"start":{"line":49,"column":10},"end":{"line":49,"column":null}}]},"4":{"loc":{"start":{"line":33,"column":6},"end":{"line":33,"column":28}},"type":"binary-expr","locations":[{"start":{"line":33,"column":6},"end":{"line":33,"column":10}},{"start":{"line":33,"column":6},"end":{"line":33,"column":28}}]},"5":{"loc":{"start":{"line":33,"column":23},"end":{"line":34,"column":37}},"type":"binary-expr","locations":[{"start":{"line":33,"column":23},"end":{"line":33,"column":28}},{"start":{"line":33,"column":23},"end":{"line":34,"column":37}}]},"6":{"loc":{"start":{"line":50,"column":4},"end":{"line":50,"column":9}},"type":"binary-expr","locations":[{"start":{"line":50,"column":4},"end":{"line":50,"column":9}}]},"7":{"loc":{"start":{"line":93,"column":2},"end":{"line":93,"column":27}},"type":"binary-expr","locations":[{"start":{"line":93,"column":2},"end":{"line":93,"column":7}},{"start":{"line":93,"column":2},"end":{"line":93,"column":27}}]},"8":{"loc":{"start":{"line":93,"column":20},"end":{"line":94,"column":33}},"type":"binary-expr","locations":[{"start":{"line":93,"column":20},"end":{"line":93,"column":27}},{"start":{"line":93,"column":20},"end":{"line":94,"column":33}}]}},"s":{"0":0,"1":0,"2":0,"3":0,"4":0,"5":0,"6":0,"7":0,"8":0,"9":0,"10":0,"11":0},"f":{"0":0},"b":{"0":[0],"1":[0,0],"2":[0,0],"3":[0],"4":[0,0],"5":[0,0],"6":[0],"7":[0,0],"8":[0,0]}}
,"E:/workspace/project/erp-admin-system/src/components/QueryForm.vue": {"path":"E:/workspace/project/erp-admin-system/src/components/QueryForm.vue","statementMap":{"0":{"start":{"line":29,"column":16},"end":{"line":29,"column":null}},"1":{"start":{"line":34,"column":15},"end":{"line":34,"column":null}},"2":{"start":{"line":41,"column":18},"end":{"line":41,"column":null}},"3":{"start":{"line":42,"column":19},"end":{"line":42,"column":null}},"4":{"start":{"line":45,"column":2},"end":{"line":55,"column":null}},"5":{"start":{"line":46,"column":10},"end":{"line":46,"column":null}},"6":{"start":{"line":48,"column":6},"end":{"line":52,"column":null}},"7":{"start":{"line":49,"column":8},"end":{"line":51,"column":null}},"8":{"start":{"line":50,"column":10},"end":{"line":50,"column":null}},"9":{"start":{"line":58,"column":18},"end":{"line":62,"column":null}},"10":{"start":{"line":59,"column":21},"end":{"line":59,"column":null}},"11":{"start":{"line":61,"column":4},"end":{"line":61,"column":null}},"12":{"start":{"line":64,"column":23},"end":{"line":66,"column":null}},"13":{"start":{"line":65,"column":4},"end":{"line":65,"column":null}},"14":{"start":{"line":68,"column":22},"end":{"line":75,"column":null}},"15":{"start":{"line":69,"column":4},"end":{"line":69,"column":null}},"16":{"start":{"line":70,"column":4},"end":{"line":70,"column":null}},"17":{"start":{"line":71,"column":4},"end":{"line":73,"column":null}},"18":{"start":{"line":72,"column":6},"end":{"line":72,"column":null}},"19":{"start":{"line":74,"column":4},"end":{"line":74,"column":null}},"20":{"start":{"line":78,"column":2},"end":{"line":80,"column":null}},"21":{"start":{"line":84,"column":7},"end":{"line":84,"column":null}},"22":{"start":{"line":92,"column":23},"end":{"line":92,"column":null}},"23":{"start":{"line":100,"column":23},"end":{"line":100,"column":null}},"24":{"start":{"line":105,"column":14},"end":{"line":109,"column":null}},"25":{"start":{"line":115,"column":23},"end":{"line":115,"column":null}},"26":{"start":{"line":124,"column":23},"end":{"line":124,"column":null}},"27":{"start":{"line":136,"column":80},"end":{"line":136,"column":91}},"28":{"start":{"line":137,"column":45},"end":{"line":137,"column":56}}},"fnMap":{"0":{"name":"(anonymous_1)","decl":{"start":{"line":46,"column":4},"end":{"line":46,"column":10}},"loc":{"start":{"line":46,"column":10},"end":{"line":46,"column":null}}},"1":{"name":"(anonymous_2)","decl":{"start":{"line":47,"column":4},"end":{"line":47,"column":13}},"loc":{"start":{"line":47,"column":13},"end":{"line":53,"column":null}}},"2":{"name":"(anonymous_3)","decl":{"start":{"line":48,"column":20},"end":{"line":48,"column":28}},"loc":{"start":{"line":48,"column":28},"end":{"line":52,"column":7}}},"3":{"name":"(anonymous_4)","decl":{"start":{"line":58,"column":27},"end":{"line":58,"column":33}},"loc":{"start":{"line":58,"column":33},"end":{"line":62,"column":3}}},"4":{"name":"(anonymous_5)","decl":{"start":{"line":64,"column":23},"end":{"line":64,"column":35}},"loc":{"start":{"line":64,"column":35},"end":{"line":66,"column":null}}},"5":{"name":"(anonymous_6)","decl":{"start":{"line":68,"column":22},"end":{"line":68,"column":34}},"loc":{"start":{"line":68,"column":34},"end":{"line":75,"column":null}}},"6":{"name":"(anonymous_7)","decl":{"start":{"line":71,"column":28},"end":{"line":71,"column":36}},"loc":{"start":{"line":71,"column":36},"end":{"line":73,"column":5}}},"7":{"name":"(anonymous_19)","decl":{"start":{"line":92,"column":41},"end":{"line":92,"column":null}},"loc":{"start":{"line":92,"column":23},"end":{"line":92,"column":null}}},"8":{"name":"(anonymous_20)","decl":{"start":{"line":100,"column":41},"end":{"line":100,"column":null}},"loc":{"start":{"line":100,"column":23},"end":{"line":100,"column":null}}},"9":{"name":"(anonymous_23)","decl":{"start":{"line":115,"column":41},"end":{"line":115,"column":null}},"loc":{"start":{"line":115,"column":23},"end":{"line":115,"column":null}}},"10":{"name":"(anonymous_24)","decl":{"start":{"line":124,"column":41},"end":{"line":124,"column":null}},"loc":{"start":{"line":124,"column":23},"end":{"line":124,"column":null}}},"11":{"name":"(anonymous_27)","decl":{"start":{"line":136,"column":78},"end":{"line":136,"column":80}},"loc":{"start":{"line":136,"column":80},"end":{"line":136,"column":91}}},"12":{"name":"(anonymous_28)","decl":{"start":{"line":137,"column":43},"end":{"line":137,"column":45}},"loc":{"start":{"line":137,"column":45},"end":{"line":137,"column":56}}}},"branchMap":{"0":{"loc":{"start":{"line":49,"column":8},"end":{"line":51,"column":null}},"type":"if","locations":[{"start":{"line":49,"column":8},"end":{"line":51,"column":null}},{"start":{"line":49,"column":8},"end":{"line":51,"column":null}}]},"1":{"loc":{"start":{"line":61,"column":11},"end":{"line":61,"column":null}},"type":"cond-expr","locations":[{"start":{"line":61,"column":27},"end":{"line":61,"column":38}},{"start":{"line":61,"column":38},"end":{"line":61,"column":null}}]},"2":{"loc":{"start":{"line":91,"column":29},"end":{"line":95,"column":null}},"type":"cond-expr","locations":[{"start":{"line":91,"column":29},"end":{"line":95,"column":null}}]},"3":{"loc":{"start":{"line":93,"column":28},"end":{"line":93,"column":null}},"type":"binary-expr","locations":[{"start":{"line":93,"column":28},"end":{"line":93,"column":44}},{"start":{"line":93,"column":44},"end":{"line":93,"column":null}}]},"4":{"loc":{"start":{"line":99,"column":34},"end":{"line":114,"column":30}},"type":"cond-expr","locations":[{"start":{"line":99,"column":34},"end":{"line":114,"column":30}}]},"5":{"loc":{"start":{"line":101,"column":28},"end":{"line":101,"column":null}},"type":"binary-expr","locations":[{"start":{"line":101,"column":28},"end":{"line":101,"column":44}},{"start":{"line":101,"column":44},"end":{"line":101,"column":null}}]},"6":{"loc":{"start":{"line":114,"column":34},"end":{"line":123,"column":30}},"type":"cond-expr","locations":[{"start":{"line":114,"column":34},"end":{"line":123,"column":30}}]},"7":{"loc":{"start":{"line":117,"column":28},"end":{"line":117,"column":null}},"type":"binary-expr","locations":[{"start":{"line":117,"column":28},"end":{"line":117,"column":44}},{"start":{"line":117,"column":44},"end":{"line":117,"column":null}}]},"8":{"loc":{"start":{"line":136,"column":80},"end":{"line":136,"column":91}},"type":"binary-expr","locations":[{"start":{"line":136,"column":80},"end":{"line":136,"column":91}},{"start":{"line":136,"column":80},"end":{"line":136,"column":91}}]},"9":{"loc":{"start":{"line":137,"column":45},"end":{"line":137,"column":56}},"type":"binary-expr","locations":[{"start":{"line":137,"column":45},"end":{"line":137,"column":56}},{"start":{"line":137,"column":45},"end":{"line":137,"column":56}}]}},"s":{"0":0,"1":0,"2":0,"3":0,"4":0,"5":0,"6":0,"7":0,"8":0,"9":0,"10":0,"11":0,"12":0,"13":0,"14":0,"15":0,"16":0,"17":0,"18":0,"19":0,"20":0,"21":0,"22":0,"23":0,"24":0,"25":0,"26":0,"27":0,"28":0},"f":{"0":0,"1":0,"2":0,"3":0,"4":0,"5":0,"6":0,"7":0,"8":0,"9":0,"10":0,"11":0,"12":0},"b":{"0":[0,0],"1":[0,0],"2":[0],"3":[0,0],"4":[0],"5":[0,0],"6":[0],"7":[0,0],"8":[0,0],"9":[0,0]}}
,"E:/workspace/project/erp-admin-system/src/components/VirtualTable.vue": {"path":"E:/workspace/project/erp-admin-system/src/components/VirtualTable.vue","statementMap":{"0":{"start":{"line":18,"column":16},"end":{"line":18,"column":null}},"1":{"start":{"line":28,"column":15},"end":{"line":28,"column":null}},"2":{"start":{"line":34,"column":18},"end":{"line":34,"column":null}},"3":{"start":{"line":35,"column":20},"end":{"line":35,"column":null}},"4":{"start":{"line":36,"column":16},"end":{"line":36,"column":null}},"5":{"start":{"line":37,"column":22},"end":{"line":37,"column":null}},"6":{"start":{"line":38,"column":19},"end":{"line":38,"column":null}},"7":{"start":{"line":39,"column":21},"end":{"line":39,"column":null}},"8":{"start":{"line":41,"column":19},"end":{"line":70,"column":null}},"9":{"start":{"line":42,"column":4},"end":{"line":46,"column":null}},"10":{"start":{"line":43,"column":6},"end":{"line":43,"column":null}},"11":{"start":{"line":44,"column":6},"end":{"line":44,"column":null}},"12":{"start":{"line":45,"column":6},"end":{"line":45,"column":null}},"13":{"start":{"line":48,"column":4},"end":{"line":48,"column":null}},"14":{"start":{"line":49,"column":4},"end":{"line":69,"column":null}},"15":{"start":{"line":50,"column":33},"end":{"line":60,"column":null}},"16":{"start":{"line":61,"column":18},"end":{"line":61,"column":null}},"17":{"start":{"line":62,"column":6},"end":{"line":62,"column":null}},"18":{"start":{"line":63,"column":6},"end":{"line":63,"column":null}},"19":{"start":{"line":64,"column":6},"end":{"line":64,"column":null}},"20":{"start":{"line":68,"column":6},"end":{"line":68,"column":null}},"21":{"start":{"line":72,"column":27},"end":{"line":77,"column":null}},"22":{"start":{"line":73,"column":4},"end":{"line":73,"column":null}},"23":{"start":{"line":74,"column":4},"end":{"line":74,"column":null}},"24":{"start":{"line":75,"column":4},"end":{"line":75,"column":null}},"25":{"start":{"line":76,"column":4},"end":{"line":76,"column":null}},"26":{"start":{"line":79,"column":27},"end":{"line":82,"column":null}},"27":{"start":{"line":80,"column":4},"end":{"line":80,"column":null}},"28":{"start":{"line":81,"column":4},"end":{"line":81,"column":null}},"29":{"start":{"line":84,"column":18},"end":{"line":87,"column":null}},"30":{"start":{"line":85,"column":4},"end":{"line":85,"column":null}},"31":{"start":{"line":86,"column":4},"end":{"line":86,"column":null}},"32":{"start":{"line":90,"column":2},"end":{"line":94,"column":null}},"33":{"start":{"line":96,"column":2},"end":{"line":98,"column":null}},"34":{"start":{"line":97,"column":4},"end":{"line":97,"column":null}},"35":{"start":{"line":102,"column":7},"end":{"line":102,"column":null}},"36":{"start":{"line":113,"column":38},"end":{"line":null,"column":-1}},"37":{"start":{"line":119,"column":30},"end":{"line":119,"column":null}},"38":{"start":{"line":120,"column":27},"end":{"line":120,"column":null}}},"fnMap":{"0":{"name":"(anonymous_2)","decl":{"start":{"line":41,"column":19},"end":{"line":41,"column":26}},"loc":{"start":{"line":41,"column":83},"end":{"line":70,"column":null}}},"1":{"name":"(anonymous_3)","decl":{"start":{"line":72,"column":27},"end":{"line":72,"column":28}},"loc":{"start":{"line":72,"column":79},"end":{"line":77,"column":null}}},"2":{"name":"(anonymous_4)","decl":{"start":{"line":79,"column":27},"end":{"line":79,"column":28}},"loc":{"start":{"line":79,"column":51},"end":{"line":82,"column":null}}},"3":{"name":"(anonymous_5)","decl":{"start":{"line":84,"column":18},"end":{"line":84,"column":19}},"loc":{"start":{"line":84,"column":58},"end":{"line":87,"column":null}}},"4":{"name":"(anonymous_6)","decl":{"start":{"line":96,"column":12},"end":{"line":96,"column":18}},"loc":{"start":{"line":96,"column":18},"end":{"line":98,"column":3}}},"5":{"name":"(anonymous_10)","decl":{"start":{"line":113,"column":8},"end":{"line":113,"column":17}},"loc":{"start":{"line":113,"column":38},"end":{"line":null,"column":-1}}},"6":{"name":"(anonymous_11)","decl":{"start":{"line":119,"column":30},"end":{"line":119,"column":41}},"loc":{"start":{"line":119,"column":30},"end":{"line":119,"column":null}}},"7":{"name":"(anonymous_12)","decl":{"start":{"line":120,"column":27},"end":{"line":120,"column":35}},"loc":{"start":{"line":120,"column":27},"end":{"line":120,"column":null}}}},"branchMap":{"0":{"loc":{"start":{"line":37,"column":26},"end":{"line":37,"column":62}},"type":"binary-expr","locations":[{"start":{"line":37,"column":26},"end":{"line":37,"column":61}},{"start":{"line":37,"column":61},"end":{"line":37,"column":62}}]},"1":{"loc":{"start":{"line":38,"column":23},"end":{"line":38,"column":61}},"type":"binary-expr","locations":[{"start":{"line":38,"column":23},"end":{"line":38,"column":59}},{"start":{"line":38,"column":59},"end":{"line":38,"column":61}}]},"2":{"loc":{"start":{"line":41,"column":26},"end":{"line":41,"column":83}},"type":"default-arg","locations":[{"start":{"line":41,"column":61},"end":{"line":41,"column":83}}]},"3":{"loc":{"start":{"line":42,"column":4},"end":{"line":46,"column":null}},"type":"if","locations":[{"start":{"line":42,"column":4},"end":{"line":46,"column":null}},{"start":{"line":42,"column":4},"end":{"line":46,"column":null}}]},"4":{"loc":{"start":{"line":43,"column":24},"end":{"line":43,"column":null}},"type":"binary-expr","locations":[{"start":{"line":43,"column":24},"end":{"line":43,"column":38}},{"start":{"line":43,"column":38},"end":{"line":43,"column":null}}]},"5":{"loc":{"start":{"line":54,"column":12},"end":{"line":59,"column":null}},"type":"cond-expr","locations":[{"start":{"line":55,"column":12},"end":{"line":58,"column":null}},{"start":{"line":59,"column":12},"end":{"line":59,"column":null}}]},"6":{"loc":{"start":{"line":57,"column":25},"end":{"line":57,"column":null}},"type":"cond-expr","locations":[{"start":{"line":57,"column":66},"end":{"line":57,"column":74}},{"start":{"line":57,"column":74},"end":{"line":57,"column":null}}]},"7":{"loc":{"start":{"line":117,"column":15},"end":{"line":117,"column":40}},"type":"binary-expr","locations":[{"start":{"line":117,"column":15},"end":{"line":117,"column":29}},{"start":{"line":117,"column":29},"end":{"line":117,"column":40}}]},"8":{"loc":{"start":{"line":119,"column":30},"end":{"line":119,"column":null}},"type":"binary-expr","locations":[{"start":{"line":119,"column":30},"end":{"line":119,"column":41}},{"start":{"line":119,"column":30},"end":{"line":119,"column":null}}]},"9":{"loc":{"start":{"line":120,"column":27},"end":{"line":120,"column":null}},"type":"binary-expr","locations":[{"start":{"line":120,"column":27},"end":{"line":120,"column":35}},{"start":{"line":120,"column":27},"end":{"line":120,"column":null}}]}},"s":{"0":0,"1":0,"2":0,"3":0,"4":0,"5":0,"6":0,"7":0,"8":0,"9":0,"10":0,"11":0,"12":0,"13":0,"14":0,"15":0,"16":0,"17":0,"18":0,"19":0,"20":0,"21":0,"22":0,"23":0,"24":0,"25":0,"26":0,"27":0,"28":0,"29":0,"30":0,"31":0,"32":0,"33":0,"34":0,"35":0,"36":0,"37":0,"38":0},"f":{"0":0,"1":0,"2":0,"3":0,"4":0,"5":0,"6":0,"7":0},"b":{"0":[0,0],"1":[0,0],"2":[0],"3":[0,0],"4":[0,0],"5":[0,0],"6":[0,0],"7":[0,0],"8":[0,0],"9":[0,0]}}
,"E:/workspace/project/erp-admin-system/src/composables/useDialog.ts": {"path":"E:/workspace/project/erp-admin-system/src/composables/useDialog.ts","statementMap":{"0":{"start":{"line":5,"column":20},"end":{"line":5,"column":null}},"1":{"start":{"line":6,"column":19},"end":{"line":6,"column":null}},"2":{"start":{"line":8,"column":17},"end":{"line":11,"column":null}},"3":{"start":{"line":9,"column":8},"end":{"line":9,"column":null}},"4":{"start":{"line":10,"column":8},"end":{"line":10,"column":null}},"5":{"start":{"line":13,"column":18},"end":{"line":16,"column":null}},"6":{"start":{"line":14,"column":8},"end":{"line":14,"column":null}},"7":{"start":{"line":15,"column":8},"end":{"line":15,"column":null}},"8":{"start":{"line":18,"column":19},"end":{"line":20,"column":null}},"9":{"start":{"line":19,"column":8},"end":{"line":19,"column":null}},"10":{"start":{"line":22,"column":4},"end":{"line":28,"column":null}}},"fnMap":{"0":{"name":"useDialog","decl":{"start":{"line":4,"column":16},"end":{"line":4,"column":26}},"loc":{"start":{"line":4,"column":48},"end":{"line":29,"column":null}}},"1":{"name":"(anonymous_1)","decl":{"start":{"line":8,"column":17},"end":{"line":8,"column":18}},"loc":{"start":{"line":8,"column":39},"end":{"line":11,"column":null}}},"2":{"name":"(anonymous_2)","decl":{"start":{"line":13,"column":18},"end":{"line":13,"column":24}},"loc":{"start":{"line":13,"column":24},"end":{"line":16,"column":null}}},"3":{"name":"(anonymous_3)","decl":{"start":{"line":18,"column":19},"end":{"line":18,"column":25}},"loc":{"start":{"line":18,"column":25},"end":{"line":20,"column":null}}}},"branchMap":{"0":{"loc":{"start":{"line":4,"column":26},"end":{"line":4,"column":48}},"type":"default-arg","locations":[{"start":{"line":4,"column":41},"end":{"line":4,"column":48}}]},"1":{"loc":{"start":{"line":8,"column":18},"end":{"line":8,"column":39}},"type":"default-arg","locations":[{"start":{"line":8,"column":29},"end":{"line":8,"column":39}}]}},"s":{"0":0,"1":0,"2":0,"3":0,"4":0,"5":0,"6":0,"7":0,"8":0,"9":0,"10":0},"f":{"0":0,"1":0,"2":0,"3":0},"b":{"0":[0],"1":[0]}}
,"E:/workspace/project/erp-admin-system/src/composables/usePagination.ts": {"path":"E:/workspace/project/erp-admin-system/src/composables/usePagination.ts","statementMap":{"0":{"start":{"line":6,"column":23},"end":{"line":9,"column":null}},"1":{"start":{"line":11,"column":18},"end":{"line":11,"column":null}},"2":{"start":{"line":12,"column":20},"end":{"line":12,"column":null}},"3":{"start":{"line":14,"column":29},"end":{"line":16,"column":null}},"4":{"start":{"line":15,"column":8},"end":{"line":15,"column":null}},"5":{"start":{"line":18,"column":29},"end":{"line":21,"column":null}},"6":{"start":{"line":19,"column":8},"end":{"line":19,"column":null}},"7":{"start":{"line":20,"column":8},"end":{"line":20,"column":null}},"8":{"start":{"line":23,"column":28},"end":{"line":26,"column":null}},"9":{"start":{"line":24,"column":8},"end":{"line":24,"column":null}},"10":{"start":{"line":25,"column":8},"end":{"line":25,"column":null}},"11":{"start":{"line":28,"column":4},"end":{"line":35,"column":null}}},"fnMap":{"0":{"name":"usePagination","decl":{"start":{"line":5,"column":16},"end":{"line":5,"column":30}},"loc":{"start":{"line":5,"column":52},"end":{"line":36,"column":null}}},"1":{"name":"(anonymous_1)","decl":{"start":{"line":14,"column":29},"end":{"line":14,"column":30}},"loc":{"start":{"line":14,"column":47},"end":{"line":16,"column":null}}},"2":{"name":"(anonymous_2)","decl":{"start":{"line":18,"column":29},"end":{"line":18,"column":30}},"loc":{"start":{"line":18,"column":47},"end":{"line":21,"column":null}}},"3":{"name":"(anonymous_3)","decl":{"start":{"line":23,"column":28},"end":{"line":23,"column":34}},"loc":{"start":{"line":23,"column":34},"end":{"line":26,"column":null}}}},"branchMap":{"0":{"loc":{"start":{"line":5,"column":30},"end":{"line":5,"column":52}},"type":"default-arg","locations":[{"start":{"line":5,"column":48},"end":{"line":5,"column":52}}]}},"s":{"0":2,"1":2,"2":2,"3":2,"4":0,"5":2,"6":1,"7":1,"8":2,"9":0,"10":0,"11":2},"f":{"0":2,"1":0,"2":1,"3":0},"b":{"0":[2]}}
,"E:/workspace/project/erp-admin-system/src/directives/permission.ts": {"path":"E:/workspace/project/erp-admin-system/src/directives/permission.ts","statementMap":{"0":{"start":{"line":8,"column":35},"end":{"line":44,"column":null}},"1":{"start":{"line":10,"column":26},"end":{"line":10,"column":null}},"2":{"start":{"line":11,"column":41},"end":{"line":11,"column":null}},"3":{"start":{"line":13,"column":8},"end":{"line":15,"column":null}},"4":{"start":{"line":14,"column":12},"end":{"line":14,"column":null}},"5":{"start":{"line":18,"column":32},"end":{"line":26,"column":null}},"6":{"start":{"line":19,"column":34},"end":{"line":21,"column":null}},"7":{"start":{"line":20,"column":16},"end":{"line":20,"column":null}},"8":{"start":{"line":23,"column":12},"end":{"line":25,"column":null}},"9":{"start":{"line":24,"column":16},"end":{"line":24,"column":null}},"10":{"start":{"line":29,"column":8},"end":{"line":42,"column":null}},"11":{"start":{"line":30,"column":30},"end":{"line":39,"column":null}},"12":{"start":{"line":31,"column":22},"end":{"line":31,"column":null}},"13":{"start":{"line":33,"column":20},"end":{"line":36,"column":null}},"14":{"start":{"line":34,"column":24},"end":{"line":34,"column":null}},"15":{"start":{"line":35,"column":24},"end":{"line":35,"column":null}},"16":{"start":{"line":41,"column":12},"end":{"line":41,"column":null}},"17":{"start":{"line":47,"column":4},"end":{"line":47,"column":null}}},"fnMap":{"0":{"name":"(anonymous_0)","decl":{"start":{"line":9,"column":4},"end":{"line":9,"column":12}},"loc":{"start":{"line":9,"column":56},"end":{"line":43,"column":null}}},"1":{"name":"(anonymous_1)","decl":{"start":{"line":18,"column":32},"end":{"line":18,"column":38}},"loc":{"start":{"line":18,"column":38},"end":{"line":26,"column":null}}},"2":{"name":"(anonymous_2)","decl":{"start":{"line":19,"column":53},"end":{"line":19,"column":null}},"loc":{"start":{"line":20,"column":16},"end":{"line":20,"column":null}}},"3":{"name":"(anonymous_3)","decl":{"start":{"line":31,"column":16},"end":{"line":31,"column":22}},"loc":{"start":{"line":31,"column":22},"end":{"line":31,"column":null}}},"4":{"name":"(anonymous_4)","decl":{"start":{"line":32,"column":16},"end":{"line":32,"column":17}},"loc":{"start":{"line":32,"column":30},"end":{"line":37,"column":null}}},"5":{"name":"registerPermissionDirective","decl":{"start":{"line":46,"column":24},"end":{"line":46,"column":52}},"loc":{"start":{"line":46,"column":62},"end":{"line":48,"column":null}}}},"branchMap":{"0":{"loc":{"start":{"line":13,"column":8},"end":{"line":15,"column":null}},"type":"if","locations":[{"start":{"line":13,"column":8},"end":{"line":15,"column":null}},{"start":{"line":13,"column":8},"end":{"line":15,"column":null}}]},"1":{"loc":{"start":{"line":13,"column":12},"end":{"line":13,"column":61}},"type":"binary-expr","locations":[{"start":{"line":13,"column":12},"end":{"line":13,"column":30}},{"start":{"line":13,"column":30},"end":{"line":13,"column":61}}]},"2":{"loc":{"start":{"line":23,"column":12},"end":{"line":25,"column":null}},"type":"if","locations":[{"start":{"line":23,"column":12},"end":{"line":25,"column":null}},{"start":{"line":23,"column":12},"end":{"line":25,"column":null}}]},"3":{"loc":{"start":{"line":29,"column":8},"end":{"line":42,"column":null}},"type":"if","locations":[{"start":{"line":29,"column":8},"end":{"line":42,"column":null}},{"start":{"line":40,"column":15},"end":{"line":42,"column":null}}]},"4":{"loc":{"start":{"line":33,"column":20},"end":{"line":36,"column":null}},"type":"if","locations":[{"start":{"line":33,"column":20},"end":{"line":36,"column":null}},{"start":{"line":33,"column":20},"end":{"line":36,"column":null}}]}},"s":{"0":0,"1":0,"2":0,"3":0,"4":0,"5":0,"6":0,"7":0,"8":0,"9":0,"10":0,"11":0,"12":0,"13":0,"14":0,"15":0,"16":0,"17":0},"f":{"0":0,"1":0,"2":0,"3":0,"4":0,"5":0},"b":{"0":[0,0],"1":[0,0],"2":[0,0],"3":[0,0],"4":[0,0]}}
,"E:/workspace/project/erp-admin-system/src/layouts/index.vue": {"path":"E:/workspace/project/erp-admin-system/src/layouts/index.vue","statementMap":{"0":{"start":{"line":11,"column":16},"end":{"line":11,"column":null}},"1":{"start":{"line":12,"column":17},"end":{"line":12,"column":null}},"2":{"start":{"line":13,"column":20},"end":{"line":13,"column":null}},"3":{"start":{"line":14,"column":23},"end":{"line":14,"column":null}},"4":{"start":{"line":17,"column":21},"end":{"line":17,"column":null}},"5":{"start":{"line":20,"column":26},"end":{"line":27,"column":null}},"6":{"start":{"line":20,"column":41},"end":{"line":27,"column":3}},"7":{"start":{"line":30,"column":27},"end":{"line":40,"column":null}},"8":{"start":{"line":31,"column":19},"end":{"line":31,"column":null}},"9":{"start":{"line":32,"column":4},"end":{"line":39,"column":null}},"10":{"start":{"line":33,"column":23},"end":{"line":33,"column":76}},"11":{"start":{"line":34,"column":21},"end":{"line":39,"column":8}},"12":{"start":{"line":42,"column":23},"end":{"line":44,"column":null}},"13":{"start":{"line":43,"column":4},"end":{"line":43,"column":null}},"14":{"start":{"line":46,"column":24},"end":{"line":48,"column":null}},"15":{"start":{"line":47,"column":4},"end":{"line":47,"column":null}},"16":{"start":{"line":52,"column":7},"end":{"line":52,"column":null}},"17":{"start":{"line":85,"column":9},"end":{"line":85,"column":null}},"18":{"start":{"line":87,"column":14},"end":{"line":87,"column":null}},"19":{"start":{"line":88,"column":13},"end":{"line":88,"column":null}},"20":{"start":{"line":92,"column":13},"end":{"line":92,"column":null}},"21":{"start":{"line":93,"column":16},"end":{"line":93,"column":36}},"22":{"start":{"line":99,"column":12},"end":{"line":99,"column":null}},"23":{"start":{"line":68,"column":43},"end":{"line":null,"column":-1}},"24":{"start":{"line":67,"column":57},"end":{"line":null,"column":-1}},"25":{"start":{"line":74,"column":41},"end":{"line":75,"column":29}},"26":{"start":{"line":78,"column":45},"end":{"line":null,"column":-1}},"27":{"start":{"line":94,"column":59},"end":{"line":94,"column":71}}},"fnMap":{"0":{"name":"(anonymous_1)","decl":{"start":{"line":20,"column":35},"end":{"line":20,"column":41}},"loc":{"start":{"line":20,"column":41},"end":{"line":27,"column":3}}},"1":{"name":"(anonymous_2)","decl":{"start":{"line":30,"column":36},"end":{"line":30,"column":42}},"loc":{"start":{"line":30,"column":42},"end":{"line":40,"column":3}}},"2":{"name":"(anonymous_3)","decl":{"start":{"line":33,"column":14},"end":{"line":33,"column":23}},"loc":{"start":{"line":33,"column":23},"end":{"line":33,"column":76}}},"3":{"name":"(anonymous_4)","decl":{"start":{"line":34,"column":11},"end":{"line":34,"column":21}},"loc":{"start":{"line":34,"column":21},"end":{"line":39,"column":8}}},"4":{"name":"(anonymous_5)","decl":{"start":{"line":42,"column":23},"end":{"line":42,"column":35}},"loc":{"start":{"line":42,"column":35},"end":{"line":44,"column":null}}},"5":{"name":"(anonymous_6)","decl":{"start":{"line":46,"column":24},"end":{"line":46,"column":36}},"loc":{"start":{"line":46,"column":36},"end":{"line":48,"column":null}}},"6":{"name":"(anonymous_11)","decl":{"start":{"line":68,"column":27},"end":{"line":68,"column":30}},"loc":{"start":{"line":68,"column":43},"end":{"line":null,"column":-1}}},"7":{"name":"(anonymous_12)","decl":{"start":{"line":67,"column":10},"end":{"line":67,"column":26}},"loc":{"start":{"line":67,"column":57},"end":{"line":null,"column":-1}}},"8":{"name":"(anonymous_13)","decl":{"start":{"line":74,"column":12},"end":{"line":74,"column":21}},"loc":{"start":{"line":74,"column":41},"end":{"line":75,"column":29}}},"9":{"name":"(anonymous_16)","decl":{"start":{"line":78,"column":29},"end":{"line":78,"column":32}},"loc":{"start":{"line":78,"column":45},"end":{"line":null,"column":-1}}},"10":{"name":"(anonymous_17)","decl":{"start":{"line":94,"column":55},"end":{"line":94,"column":59}},"loc":{"start":{"line":94,"column":59},"end":{"line":94,"column":71}}}},"branchMap":{"0":{"loc":{"start":{"line":33,"column":23},"end":{"line":33,"column":76}},"type":"binary-expr","locations":[{"start":{"line":33,"column":23},"end":{"line":33,"column":59}},{"start":{"line":33,"column":59},"end":{"line":33,"column":76}}]},"1":{"loc":{"start":{"line":55,"column":6},"end":{"line":55,"column":11}},"type":"binary-expr","locations":[{"start":{"line":55,"column":6},"end":{"line":55,"column":11}}]},"2":{"loc":{"start":{"line":74,"column":38},"end":{"line":75,"column":29}},"type":"binary-expr","locations":[{"start":{"line":74,"column":38},"end":{"line":74,"column":41}},{"start":{"line":74,"column":38},"end":{"line":75,"column":29}}]},"3":{"loc":{"start":{"line":89,"column":40},"end":{"line":89,"column":73}},"type":"cond-expr","locations":[{"start":{"line":89,"column":50},"end":{"line":89,"column":73}},{"start":{"line":89,"column":50},"end":{"line":89,"column":73}}]},"4":{"loc":{"start":{"line":94,"column":59},"end":{"line":94,"column":71}},"type":"binary-expr","locations":[{"start":{"line":94,"column":59},"end":{"line":94,"column":71}},{"start":{"line":94,"column":59},"end":{"line":94,"column":71}}]}},"s":{"0":0,"1":0,"2":0,"3":0,"4":0,"5":0,"6":0,"7":0,"8":0,"9":0,"10":0,"11":0,"12":0,"13":0,"14":0,"15":0,"16":0,"17":0,"18":0,"19":0,"20":0,"21":0,"22":0,"23":0,"24":0,"25":0,"26":0,"27":0},"f":{"0":0,"1":0,"2":0,"3":0,"4":0,"5":0,"6":0,"7":0,"8":0,"9":0,"10":0},"b":{"0":[0,0],"1":[0],"2":[0,0],"3":[0,0],"4":[0,0]}}
,"E:/workspace/project/erp-admin-system/src/mock/menu.ts": {"path":"E:/workspace/project/erp-admin-system/src/mock/menu.ts","statementMap":{"0":{"start":{"line":5,"column":26},"end":{"line":132,"column":null}},"1":{"start":{"line":145,"column":47},"end":{"line":145,"column":null}},"2":{"start":{"line":148,"column":27},"end":{"line":148,"column":null}},"3":{"start":{"line":151,"column":27},"end":{"line":176,"column":null}},"4":{"start":{"line":152,"column":12},"end":{"line":175,"column":null}},"5":{"start":{"line":153,"column":28},"end":{"line":153,"column":null}},"6":{"start":{"line":155,"column":16},"end":{"line":157,"column":null}},"7":{"start":{"line":156,"column":20},"end":{"line":156,"column":null}},"8":{"start":{"line":158,"column":16},"end":{"line":160,"column":null}},"9":{"start":{"line":159,"column":20},"end":{"line":159,"column":null}},"10":{"start":{"line":161,"column":16},"end":{"line":163,"column":null}},"11":{"start":{"line":162,"column":20},"end":{"line":162,"column":null}},"12":{"start":{"line":165,"column":16},"end":{"line":172,"column":null}},"13":{"start":{"line":166,"column":20},"end":{"line":166,"column":null}},"14":{"start":{"line":167,"column":16},"end":{"line":172,"column":null}},"15":{"start":{"line":168,"column":45},"end":{"line":168,"column":null}},"16":{"start":{"line":169,"column":20},"end":{"line":171,"column":null}},"17":{"start":{"line":170,"column":24},"end":{"line":170,"column":null}},"18":{"start":{"line":174,"column":16},"end":{"line":174,"column":null}},"19":{"start":{"line":178,"column":8},"end":{"line":178,"column":null}},"20":{"start":{"line":183,"column":24},"end":{"line":192,"column":null}},"21":{"start":{"line":184,"column":37},"end":{"line":184,"column":null}},"22":{"start":{"line":185,"column":12},"end":{"line":190,"column":null}},"23":{"start":{"line":186,"column":16},"end":{"line":186,"column":null}},"24":{"start":{"line":187,"column":16},"end":{"line":189,"column":null}},"25":{"start":{"line":188,"column":20},"end":{"line":188,"column":null}},"26":{"start":{"line":191,"column":12},"end":{"line":191,"column":null}},"27":{"start":{"line":193,"column":8},"end":{"line":193,"column":null}},"28":{"start":{"line":198,"column":26},"end":{"line":198,"column":null}},"29":{"start":{"line":199,"column":8},"end":{"line":199,"column":null}},"30":{"start":{"line":199,"column":38},"end":{"line":199,"column":52}},"31":{"start":{"line":204,"column":26},"end":{"line":204,"column":null}},"32":{"start":{"line":205,"column":22},"end":{"line":205,"column":null}},"33":{"start":{"line":205,"column":53},"end":{"line":205,"column":57}},"34":{"start":{"line":206,"column":34},"end":{"line":210,"column":null}},"35":{"start":{"line":212,"column":8},"end":{"line":236,"column":null}},"36":{"start":{"line":214,"column":12},"end":{"line":214,"column":null}},"37":{"start":{"line":217,"column":30},"end":{"line":231,"column":null}},"38":{"start":{"line":218,"column":16},"end":{"line":229,"column":null}},"39":{"start":{"line":218,"column":29},"end":{"line":218,"column":32}},"40":{"start":{"line":219,"column":20},"end":{"line":225,"column":null}},"41":{"start":{"line":220,"column":24},"end":{"line":222,"column":null}},"42":{"start":{"line":221,"column":28},"end":{"line":221,"column":null}},"43":{"start":{"line":223,"column":24},"end":{"line":223,"column":null}},"44":{"start":{"line":224,"column":24},"end":{"line":224,"column":null}},"45":{"start":{"line":226,"column":20},"end":{"line":228,"column":null}},"46":{"start":{"line":227,"column":24},"end":{"line":227,"column":null}},"47":{"start":{"line":230,"column":16},"end":{"line":230,"column":null}},"48":{"start":{"line":233,"column":12},"end":{"line":235,"column":null}},"49":{"start":{"line":234,"column":16},"end":{"line":234,"column":null}},"50":{"start":{"line":238,"column":8},"end":{"line":238,"column":null}},"51":{"start":{"line":243,"column":29},"end":{"line":254,"column":null}},"52":{"start":{"line":244,"column":12},"end":{"line":252,"column":null}},"53":{"start":{"line":244,"column":25},"end":{"line":244,"column":28}},"54":{"start":{"line":245,"column":16},"end":{"line":248,"column":null}},"55":{"start":{"line":246,"column":20},"end":{"line":246,"column":null}},"56":{"start":{"line":247,"column":20},"end":{"line":247,"column":null}},"57":{"start":{"line":249,"column":16},"end":{"line":251,"column":null}},"58":{"start":{"line":250,"column":20},"end":{"line":250,"column":null}},"59":{"start":{"line":253,"column":12},"end":{"line":253,"column":null}},"60":{"start":{"line":256,"column":8},"end":{"line":258,"column":null}},"61":{"start":{"line":257,"column":12},"end":{"line":257,"column":null}},"62":{"start":{"line":259,"column":8},"end":{"line":259,"column":null}},"63":{"start":{"line":264,"column":31},"end":{"line":275,"column":null}},"64":{"start":{"line":265,"column":12},"end":{"line":273,"column":null}},"65":{"start":{"line":265,"column":25},"end":{"line":265,"column":28}},"66":{"start":{"line":266,"column":16},"end":{"line":269,"column":null}},"67":{"start":{"line":267,"column":20},"end":{"line":267,"column":null}},"68":{"start":{"line":268,"column":20},"end":{"line":268,"column":null}},"69":{"start":{"line":270,"column":16},"end":{"line":272,"column":null}},"70":{"start":{"line":271,"column":20},"end":{"line":271,"column":null}},"71":{"start":{"line":274,"column":12},"end":{"line":274,"column":null}},"72":{"start":{"line":277,"column":8},"end":{"line":277,"column":null}},"73":{"start":{"line":282,"column":60},"end":{"line":282,"column":null}},"74":{"start":{"line":283,"column":26},"end":{"line":283,"column":null}},"75":{"start":{"line":285,"column":8},"end":{"line":289,"column":null}},"76":{"start":{"line":286,"column":12},"end":{"line":288,"column":null}},"77":{"start":{"line":287,"column":16},"end":{"line":287,"column":null}},"78":{"start":{"line":291,"column":8},"end":{"line":291,"column":null}},"79":{"start":{"line":296,"column":27},"end":{"line":296,"column":null}}},"fnMap":{"0":{"name":"(anonymous_0)","decl":{"start":{"line":144,"column":4},"end":{"line":144,"column":16}},"loc":{"start":{"line":144,"column":58},"end":{"line":179,"column":null}}},"1":{"name":"(anonymous_1)","decl":{"start":{"line":151,"column":27},"end":{"line":151,"column":28}},"loc":{"start":{"line":151,"column":65},"end":{"line":176,"column":null}}},"2":{"name":"(anonymous_2)","decl":{"start":{"line":152,"column":35},"end":{"line":152,"column":36}},"loc":{"start":{"line":152,"column":62},"end":{"line":175,"column":15}}},"3":{"name":"(anonymous_3)","decl":{"start":{"line":182,"column":4},"end":{"line":182,"column":34}},"loc":{"start":{"line":182,"column":34},"end":{"line":194,"column":null}}},"4":{"name":"(anonymous_4)","decl":{"start":{"line":183,"column":24},"end":{"line":183,"column":25}},"loc":{"start":{"line":183,"column":62},"end":{"line":192,"column":null}}},"5":{"name":"(anonymous_5)","decl":{"start":{"line":185,"column":29},"end":{"line":185,"column":37}},"loc":{"start":{"line":185,"column":37},"end":{"line":190,"column":13}}},"6":{"name":"(anonymous_6)","decl":{"start":{"line":197,"column":4},"end":{"line":197,"column":16}},"loc":{"start":{"line":197,"column":50},"end":{"line":200,"column":null}}},"7":{"name":"(anonymous_7)","decl":{"start":{"line":199,"column":30},"end":{"line":199,"column":38}},"loc":{"start":{"line":199,"column":38},"end":{"line":199,"column":52}}},"8":{"name":"(anonymous_8)","decl":{"start":{"line":203,"column":4},"end":{"line":203,"column":12}},"loc":{"start":{"line":203,"column":65},"end":{"line":239,"column":null}}},"9":{"name":"(anonymous_9)","decl":{"start":{"line":205,"column":48},"end":{"line":205,"column":53}},"loc":{"start":{"line":205,"column":53},"end":{"line":205,"column":57}}},"10":{"name":"(anonymous_10)","decl":{"start":{"line":217,"column":30},"end":{"line":217,"column":31}},"loc":{"start":{"line":217,"column":102},"end":{"line":231,"column":null}}},"11":{"name":"(anonymous_11)","decl":{"start":{"line":242,"column":4},"end":{"line":242,"column":15}},"loc":{"start":{"line":242,"column":72},"end":{"line":260,"column":null}}},"12":{"name":"(anonymous_12)","decl":{"start":{"line":243,"column":29},"end":{"line":243,"column":30}},"loc":{"start":{"line":243,"column":104},"end":{"line":254,"column":null}}},"13":{"name":"(anonymous_13)","decl":{"start":{"line":263,"column":4},"end":{"line":263,"column":15}},"loc":{"start":{"line":263,"column":36},"end":{"line":278,"column":null}}},"14":{"name":"(anonymous_14)","decl":{"start":{"line":264,"column":31},"end":{"line":264,"column":32}},"loc":{"start":{"line":264,"column":78},"end":{"line":275,"column":null}}},"15":{"name":"(anonymous_15)","decl":{"start":{"line":281,"column":4},"end":{"line":281,"column":63}},"loc":{"start":{"line":281,"column":63},"end":{"line":292,"column":null}}},"16":{"name":"(anonymous_16)","decl":{"start":{"line":285,"column":26},"end":{"line":285,"column":34}},"loc":{"start":{"line":285,"column":34},"end":{"line":289,"column":9}}}},"branchMap":{"0":{"loc":{"start":{"line":144,"column":16},"end":{"line":144,"column":58}},"type":"default-arg","locations":[{"start":{"line":144,"column":42},"end":{"line":144,"column":58}}]},"1":{"loc":{"start":{"line":155,"column":16},"end":{"line":157,"column":null}},"type":"if","locations":[{"start":{"line":155,"column":16},"end":{"line":157,"column":null}},{"start":{"line":155,"column":16},"end":{"line":157,"column":null}}]},"2":{"loc":{"start":{"line":155,"column":20},"end":{"line":155,"column":67}},"type":"binary-expr","locations":[{"start":{"line":155,"column":20},"end":{"line":155,"column":32}},{"start":{"line":155,"column":32},"end":{"line":155,"column":67}}]},"3":{"loc":{"start":{"line":158,"column":16},"end":{"line":160,"column":null}},"type":"if","locations":[{"start":{"line":158,"column":16},"end":{"line":160,"column":null}},{"start":{"line":158,"column":16},"end":{"line":160,"column":null}}]},"4":{"loc":{"start":{"line":158,"column":20},"end":{"line":158,"column":74}},"type":"binary-expr","locations":[{"start":{"line":158,"column":20},"end":{"line":158,"column":46}},{"start":{"line":158,"column":46},"end":{"line":158,"column":74}}]},"5":{"loc":{"start":{"line":161,"column":16},"end":{"line":163,"column":null}},"type":"if","locations":[{"start":{"line":161,"column":16},"end":{"line":163,"column":null}},{"start":{"line":161,"column":16},"end":{"line":163,"column":null}}]},"6":{"loc":{"start":{"line":161,"column":20},"end":{"line":161,"column":68}},"type":"binary-expr","locations":[{"start":{"line":161,"column":20},"end":{"line":161,"column":44}},{"start":{"line":161,"column":44},"end":{"line":161,"column":68}}]},"7":{"loc":{"start":{"line":165,"column":16},"end":{"line":172,"column":null}},"type":"if","locations":[{"start":{"line":165,"column":16},"end":{"line":172,"column":null}},{"start":{"line":167,"column":16},"end":{"line":172,"column":null}}]},"8":{"loc":{"start":{"line":167,"column":16},"end":{"line":172,"column":null}},"type":"if","locations":[{"start":{"line":167,"column":16},"end":{"line":172,"column":null}},{"start":{"line":167,"column":16},"end":{"line":172,"column":null}}]},"9":{"loc":{"start":{"line":169,"column":20},"end":{"line":171,"column":null}},"type":"if","locations":[{"start":{"line":169,"column":20},"end":{"line":171,"column":null}},{"start":{"line":169,"column":20},"end":{"line":171,"column":null}}]},"10":{"loc":{"start":{"line":187,"column":16},"end":{"line":189,"column":null}},"type":"if","locations":[{"start":{"line":187,"column":16},"end":{"line":189,"column":null}},{"start":{"line":187,"column":16},"end":{"line":189,"column":null}}]},"11":{"loc":{"start":{"line":212,"column":8},"end":{"line":236,"column":null}},"type":"if","locations":[{"start":{"line":212,"column":8},"end":{"line":236,"column":null}},{"start":{"line":215,"column":15},"end":{"line":236,"column":null}}]},"12":{"loc":{"start":{"line":219,"column":20},"end":{"line":225,"column":null}},"type":"if","locations":[{"start":{"line":219,"column":20},"end":{"line":225,"column":null}},{"start":{"line":219,"column":20},"end":{"line":225,"column":null}}]},"13":{"loc":{"start":{"line":220,"column":24},"end":{"line":222,"column":null}},"type":"if","locations":[{"start":{"line":220,"column":24},"end":{"line":222,"column":null}},{"start":{"line":220,"column":24},"end":{"line":222,"column":null}}]},"14":{"loc":{"start":{"line":226,"column":20},"end":{"line":228,"column":null}},"type":"if","locations":[{"start":{"line":226,"column":20},"end":{"line":228,"column":null}},{"start":{"line":226,"column":20},"end":{"line":228,"column":null}}]},"15":{"loc":{"start":{"line":226,"column":24},"end":{"line":226,"column":101}},"type":"binary-expr","locations":[{"start":{"line":226,"column":24},"end":{"line":226,"column":48}},{"start":{"line":226,"column":48},"end":{"line":226,"column":101}}]},"16":{"loc":{"start":{"line":233,"column":12},"end":{"line":235,"column":null}},"type":"if","locations":[{"start":{"line":233,"column":12},"end":{"line":235,"column":null}},{"start":{"line":233,"column":12},"end":{"line":235,"column":null}}]},"17":{"loc":{"start":{"line":245,"column":16},"end":{"line":248,"column":null}},"type":"if","locations":[{"start":{"line":245,"column":16},"end":{"line":248,"column":null}},{"start":{"line":245,"column":16},"end":{"line":248,"column":null}}]},"18":{"loc":{"start":{"line":249,"column":16},"end":{"line":251,"column":null}},"type":"if","locations":[{"start":{"line":249,"column":16},"end":{"line":251,"column":null}},{"start":{"line":249,"column":16},"end":{"line":251,"column":null}}]},"19":{"loc":{"start":{"line":249,"column":20},"end":{"line":249,"column":94}},"type":"binary-expr","locations":[{"start":{"line":249,"column":20},"end":{"line":249,"column":44}},{"start":{"line":249,"column":44},"end":{"line":249,"column":94}}]},"20":{"loc":{"start":{"line":256,"column":8},"end":{"line":258,"column":null}},"type":"if","locations":[{"start":{"line":256,"column":8},"end":{"line":258,"column":null}},{"start":{"line":256,"column":8},"end":{"line":258,"column":null}}]},"21":{"loc":{"start":{"line":257,"column":19},"end":{"line":257,"column":null}},"type":"binary-expr","locations":[{"start":{"line":257,"column":19},"end":{"line":257,"column":43}},{"start":{"line":257,"column":43},"end":{"line":257,"column":null}}]},"22":{"loc":{"start":{"line":266,"column":16},"end":{"line":269,"column":null}},"type":"if","locations":[{"start":{"line":266,"column":16},"end":{"line":269,"column":null}},{"start":{"line":266,"column":16},"end":{"line":269,"column":null}}]},"23":{"loc":{"start":{"line":270,"column":16},"end":{"line":272,"column":null}},"type":"if","locations":[{"start":{"line":270,"column":16},"end":{"line":272,"column":null}},{"start":{"line":270,"column":16},"end":{"line":272,"column":null}}]},"24":{"loc":{"start":{"line":270,"column":20},"end":{"line":270,"column":87}},"type":"binary-expr","locations":[{"start":{"line":270,"column":20},"end":{"line":270,"column":44}},{"start":{"line":270,"column":44},"end":{"line":270,"column":87}}]},"25":{"loc":{"start":{"line":286,"column":12},"end":{"line":288,"column":null}},"type":"if","locations":[{"start":{"line":286,"column":12},"end":{"line":288,"column":null}},{"start":{"line":286,"column":12},"end":{"line":288,"column":null}}]}},"s":{"0":0,"1":0,"2":0,"3":0,"4":0,"5":0,"6":0,"7":0,"8":0,"9":0,"10":0,"11":0,"12":0,"13":0,"14":0,"15":0,"16":0,"17":0,"18":0,"19":0,"20":0,"21":0,"22":0,"23":0,"24":0,"25":0,"26":0,"27":0,"28":0,"29":0,"30":0,"31":0,"32":0,"33":0,"34":0,"35":0,"36":0,"37":0,"38":0,"39":0,"40":0,"41":0,"42":0,"43":0,"44":0,"45":0,"46":0,"47":0,"48":0,"49":0,"50":0,"51":0,"52":0,"53":0,"54":0,"55":0,"56":0,"57":0,"58":0,"59":0,"60":0,"61":0,"62":0,"63":0,"64":0,"65":0,"66":0,"67":0,"68":0,"69":0,"70":0,"71":0,"72":0,"73":0,"74":0,"75":0,"76":0,"77":0,"78":0,"79":0},"f":{"0":0,"1":0,"2":0,"3":0,"4":0,"5":0,"6":0,"7":0,"8":0,"9":0,"10":0,"11":0,"12":0,"13":0,"14":0,"15":0,"16":0},"b":{"0":[0],"1":[0,0],"2":[0,0],"3":[0,0],"4":[0,0],"5":[0,0],"6":[0,0],"7":[0,0],"8":[0,0],"9":[0,0],"10":[0,0],"11":[0,0],"12":[0,0],"13":[0,0],"14":[0,0],"15":[0,0],"16":[0,0],"17":[0,0],"18":[0,0],"19":[0,0],"20":[0,0],"21":[0,0],"22":[0,0],"23":[0,0],"24":[0,0],"25":[0,0]}}
,"E:/workspace/project/erp-admin-system/src/mock/role.ts": {"path":"E:/workspace/project/erp-admin-system/src/mock/role.ts","statementMap":{"0":{"start":{"line":5,"column":26},"end":{"line":16,"column":null}},"1":{"start":{"line":30,"column":65},"end":{"line":30,"column":null}},"2":{"start":{"line":32,"column":28},"end":{"line":32,"column":null}},"3":{"start":{"line":35,"column":8},"end":{"line":37,"column":null}},"4":{"start":{"line":36,"column":12},"end":{"line":36,"column":null}},"5":{"start":{"line":36,"column":57},"end":{"line":36,"column":89}},"6":{"start":{"line":38,"column":8},"end":{"line":40,"column":null}},"7":{"start":{"line":39,"column":12},"end":{"line":39,"column":null}},"8":{"start":{"line":39,"column":57},"end":{"line":39,"column":79}},"9":{"start":{"line":43,"column":14},"end":{"line":43,"column":null}},"10":{"start":{"line":44,"column":20},"end":{"line":44,"column":null}},"11":{"start":{"line":45,"column":21},"end":{"line":45,"column":null}},"12":{"start":{"line":47,"column":8},"end":{"line":52,"column":null}},"13":{"start":{"line":57,"column":8},"end":{"line":57,"column":null}},"14":{"start":{"line":62,"column":8},"end":{"line":62,"column":null}},"15":{"start":{"line":62,"column":34},"end":{"line":62,"column":48}},"16":{"start":{"line":67,"column":22},"end":{"line":67,"column":null}},"17":{"start":{"line":67,"column":49},"end":{"line":67,"column":53}},"18":{"start":{"line":68,"column":34},"end":{"line":72,"column":null}},"19":{"start":{"line":73,"column":8},"end":{"line":73,"column":null}},"20":{"start":{"line":74,"column":8},"end":{"line":74,"column":null}},"21":{"start":{"line":79,"column":22},"end":{"line":79,"column":null}},"22":{"start":{"line":79,"column":46},"end":{"line":79,"column":60}},"23":{"start":{"line":80,"column":8},"end":{"line":80,"column":null}},"24":{"start":{"line":80,"column":26},"end":{"line":80,"column":null}},"25":{"start":{"line":82,"column":8},"end":{"line":82,"column":null}},"26":{"start":{"line":83,"column":8},"end":{"line":83,"column":null}},"27":{"start":{"line":88,"column":22},"end":{"line":88,"column":null}},"28":{"start":{"line":88,"column":46},"end":{"line":88,"column":60}},"29":{"start":{"line":89,"column":8},"end":{"line":89,"column":null}},"30":{"start":{"line":89,"column":26},"end":{"line":89,"column":null}},"31":{"start":{"line":91,"column":8},"end":{"line":91,"column":null}},"32":{"start":{"line":92,"column":8},"end":{"line":92,"column":null}},"33":{"start":{"line":97,"column":22},"end":{"line":97,"column":null}},"34":{"start":{"line":97,"column":46},"end":{"line":97,"column":60}},"35":{"start":{"line":98,"column":8},"end":{"line":98,"column":null}},"36":{"start":{"line":98,"column":26},"end":{"line":98,"column":null}},"37":{"start":{"line":100,"column":8},"end":{"line":100,"column":null}},"38":{"start":{"line":101,"column":8},"end":{"line":101,"column":null}},"39":{"start":{"line":106,"column":27},"end":{"line":106,"column":null}}},"fnMap":{"0":{"name":"(anonymous_0)","decl":{"start":{"line":29,"column":4},"end":{"line":29,"column":13}},"loc":{"start":{"line":29,"column":71},"end":{"line":53,"column":null}}},"1":{"name":"(anonymous_1)","decl":{"start":{"line":36,"column":49},"end":{"line":36,"column":57}},"loc":{"start":{"line":36,"column":57},"end":{"line":36,"column":89}}},"2":{"name":"(anonymous_2)","decl":{"start":{"line":39,"column":49},"end":{"line":39,"column":57}},"loc":{"start":{"line":39,"column":57},"end":{"line":39,"column":79}}},"3":{"name":"(anonymous_3)","decl":{"start":{"line":56,"column":4},"end":{"line":56,"column":30}},"loc":{"start":{"line":56,"column":30},"end":{"line":58,"column":null}}},"4":{"name":"(anonymous_4)","decl":{"start":{"line":61,"column":4},"end":{"line":61,"column":16}},"loc":{"start":{"line":61,"column":50},"end":{"line":63,"column":null}}},"5":{"name":"(anonymous_5)","decl":{"start":{"line":62,"column":26},"end":{"line":62,"column":34}},"loc":{"start":{"line":62,"column":34},"end":{"line":62,"column":48}}},"6":{"name":"(anonymous_6)","decl":{"start":{"line":66,"column":4},"end":{"line":66,"column":12}},"loc":{"start":{"line":66,"column":65},"end":{"line":75,"column":null}}},"7":{"name":"(anonymous_7)","decl":{"start":{"line":67,"column":44},"end":{"line":67,"column":49}},"loc":{"start":{"line":67,"column":49},"end":{"line":67,"column":53}}},"8":{"name":"(anonymous_8)","decl":{"start":{"line":78,"column":4},"end":{"line":78,"column":15}},"loc":{"start":{"line":78,"column":72},"end":{"line":84,"column":null}}},"9":{"name":"(anonymous_9)","decl":{"start":{"line":79,"column":38},"end":{"line":79,"column":46}},"loc":{"start":{"line":79,"column":46},"end":{"line":79,"column":60}}},"10":{"name":"(anonymous_10)","decl":{"start":{"line":87,"column":4},"end":{"line":87,"column":15}},"loc":{"start":{"line":87,"column":36},"end":{"line":93,"column":null}}},"11":{"name":"(anonymous_11)","decl":{"start":{"line":88,"column":38},"end":{"line":88,"column":46}},"loc":{"start":{"line":88,"column":46},"end":{"line":88,"column":60}}},"12":{"name":"(anonymous_12)","decl":{"start":{"line":96,"column":4},"end":{"line":96,"column":26}},"loc":{"start":{"line":96,"column":78},"end":{"line":102,"column":null}}},"13":{"name":"(anonymous_13)","decl":{"start":{"line":97,"column":38},"end":{"line":97,"column":46}},"loc":{"start":{"line":97,"column":46},"end":{"line":97,"column":60}}}},"branchMap":{"0":{"loc":{"start":{"line":29,"column":13},"end":{"line":29,"column":71}},"type":"default-arg","locations":[{"start":{"line":29,"column":39},"end":{"line":29,"column":71}}]},"1":{"loc":{"start":{"line":30,"column":34},"end":{"line":30,"column":47}},"type":"default-arg","locations":[{"start":{"line":30,"column":44},"end":{"line":30,"column":47}}]},"2":{"loc":{"start":{"line":30,"column":47},"end":{"line":30,"column":61}},"type":"default-arg","locations":[{"start":{"line":30,"column":58},"end":{"line":30,"column":61}}]},"3":{"loc":{"start":{"line":35,"column":8},"end":{"line":37,"column":null}},"type":"if","locations":[{"start":{"line":35,"column":8},"end":{"line":37,"column":null}},{"start":{"line":35,"column":8},"end":{"line":37,"column":null}}]},"4":{"loc":{"start":{"line":38,"column":8},"end":{"line":40,"column":null}},"type":"if","locations":[{"start":{"line":38,"column":8},"end":{"line":40,"column":null}},{"start":{"line":38,"column":8},"end":{"line":40,"column":null}}]},"5":{"loc":{"start":{"line":80,"column":8},"end":{"line":80,"column":null}},"type":"if","locations":[{"start":{"line":80,"column":8},"end":{"line":80,"column":null}},{"start":{"line":80,"column":8},"end":{"line":80,"column":null}}]},"6":{"loc":{"start":{"line":89,"column":8},"end":{"line":89,"column":null}},"type":"if","locations":[{"start":{"line":89,"column":8},"end":{"line":89,"column":null}},{"start":{"line":89,"column":8},"end":{"line":89,"column":null}}]},"7":{"loc":{"start":{"line":98,"column":8},"end":{"line":98,"column":null}},"type":"if","locations":[{"start":{"line":98,"column":8},"end":{"line":98,"column":null}},{"start":{"line":98,"column":8},"end":{"line":98,"column":null}}]}},"s":{"0":1,"1":2,"2":2,"3":2,"4":0,"5":0,"6":2,"7":0,"8":0,"9":2,"10":2,"11":2,"12":2,"13":0,"14":0,"15":0,"16":1,"17":10,"18":1,"19":1,"20":1,"21":0,"22":0,"23":0,"24":0,"25":0,"26":0,"27":0,"28":0,"29":0,"30":0,"31":0,"32":0,"33":0,"34":0,"35":0,"36":0,"37":0,"38":0,"39":1},"f":{"0":2,"1":0,"2":0,"3":0,"4":0,"5":0,"6":1,"7":10,"8":0,"9":0,"10":0,"11":0,"12":0,"13":0},"b":{"0":[2],"1":[2],"2":[2],"3":[0,2],"4":[0,2],"5":[0,0],"6":[0,0],"7":[0,0]}}
,"E:/workspace/project/erp-admin-system/src/mock/user.ts": {"path":"E:/workspace/project/erp-admin-system/src/mock/user.ts","statementMap":{"0":{"start":{"line":5,"column":26},"end":{"line":16,"column":null}},"1":{"start":{"line":30,"column":65},"end":{"line":30,"column":null}},"2":{"start":{"line":32,"column":28},"end":{"line":32,"column":null}},"3":{"start":{"line":35,"column":8},"end":{"line":37,"column":null}},"4":{"start":{"line":36,"column":12},"end":{"line":36,"column":null}},"5":{"start":{"line":36,"column":57},"end":{"line":36,"column":89}},"6":{"start":{"line":38,"column":8},"end":{"line":40,"column":null}},"7":{"start":{"line":39,"column":12},"end":{"line":39,"column":null}},"8":{"start":{"line":39,"column":57},"end":{"line":39,"column":79}},"9":{"start":{"line":43,"column":14},"end":{"line":43,"column":null}},"10":{"start":{"line":44,"column":20},"end":{"line":44,"column":null}},"11":{"start":{"line":45,"column":21},"end":{"line":45,"column":null}},"12":{"start":{"line":47,"column":8},"end":{"line":52,"column":null}},"13":{"start":{"line":57,"column":8},"end":{"line":57,"column":null}},"14":{"start":{"line":62,"column":8},"end":{"line":62,"column":null}},"15":{"start":{"line":62,"column":34},"end":{"line":62,"column":48}},"16":{"start":{"line":67,"column":22},"end":{"line":67,"column":null}},"17":{"start":{"line":67,"column":49},"end":{"line":67,"column":53}},"18":{"start":{"line":68,"column":34},"end":{"line":72,"column":null}},"19":{"start":{"line":73,"column":8},"end":{"line":73,"column":null}},"20":{"start":{"line":74,"column":8},"end":{"line":74,"column":null}},"21":{"start":{"line":79,"column":22},"end":{"line":79,"column":null}},"22":{"start":{"line":79,"column":46},"end":{"line":79,"column":60}},"23":{"start":{"line":80,"column":8},"end":{"line":80,"column":null}},"24":{"start":{"line":80,"column":26},"end":{"line":80,"column":null}},"25":{"start":{"line":82,"column":8},"end":{"line":82,"column":null}},"26":{"start":{"line":83,"column":8},"end":{"line":83,"column":null}},"27":{"start":{"line":88,"column":22},"end":{"line":88,"column":null}},"28":{"start":{"line":88,"column":46},"end":{"line":88,"column":60}},"29":{"start":{"line":89,"column":8},"end":{"line":89,"column":null}},"30":{"start":{"line":89,"column":26},"end":{"line":89,"column":null}},"31":{"start":{"line":91,"column":8},"end":{"line":91,"column":null}},"32":{"start":{"line":92,"column":8},"end":{"line":92,"column":null}},"33":{"start":{"line":97,"column":27},"end":{"line":97,"column":null}},"34":{"start":{"line":98,"column":8},"end":{"line":104,"column":null}},"35":{"start":{"line":99,"column":26},"end":{"line":99,"column":null}},"36":{"start":{"line":99,"column":50},"end":{"line":99,"column":64}},"37":{"start":{"line":100,"column":12},"end":{"line":103,"column":null}},"38":{"start":{"line":101,"column":16},"end":{"line":101,"column":null}},"39":{"start":{"line":102,"column":16},"end":{"line":102,"column":null}},"40":{"start":{"line":105,"column":8},"end":{"line":105,"column":null}},"41":{"start":{"line":110,"column":27},"end":{"line":110,"column":null}}},"fnMap":{"0":{"name":"(anonymous_0)","decl":{"start":{"line":29,"column":4},"end":{"line":29,"column":13}},"loc":{"start":{"line":29,"column":71},"end":{"line":53,"column":null}}},"1":{"name":"(anonymous_1)","decl":{"start":{"line":36,"column":49},"end":{"line":36,"column":57}},"loc":{"start":{"line":36,"column":57},"end":{"line":36,"column":89}}},"2":{"name":"(anonymous_2)","decl":{"start":{"line":39,"column":49},"end":{"line":39,"column":57}},"loc":{"start":{"line":39,"column":57},"end":{"line":39,"column":79}}},"3":{"name":"(anonymous_3)","decl":{"start":{"line":56,"column":4},"end":{"line":56,"column":30}},"loc":{"start":{"line":56,"column":30},"end":{"line":58,"column":null}}},"4":{"name":"(anonymous_4)","decl":{"start":{"line":61,"column":4},"end":{"line":61,"column":16}},"loc":{"start":{"line":61,"column":50},"end":{"line":63,"column":null}}},"5":{"name":"(anonymous_5)","decl":{"start":{"line":62,"column":26},"end":{"line":62,"column":34}},"loc":{"start":{"line":62,"column":34},"end":{"line":62,"column":48}}},"6":{"name":"(anonymous_6)","decl":{"start":{"line":66,"column":4},"end":{"line":66,"column":12}},"loc":{"start":{"line":66,"column":65},"end":{"line":75,"column":null}}},"7":{"name":"(anonymous_7)","decl":{"start":{"line":67,"column":44},"end":{"line":67,"column":49}},"loc":{"start":{"line":67,"column":49},"end":{"line":67,"column":53}}},"8":{"name":"(anonymous_8)","decl":{"start":{"line":78,"column":4},"end":{"line":78,"column":15}},"loc":{"start":{"line":78,"column":72},"end":{"line":84,"column":null}}},"9":{"name":"(anonymous_9)","decl":{"start":{"line":79,"column":38},"end":{"line":79,"column":46}},"loc":{"start":{"line":79,"column":46},"end":{"line":79,"column":60}}},"10":{"name":"(anonymous_10)","decl":{"start":{"line":87,"column":4},"end":{"line":87,"column":15}},"loc":{"start":{"line":87,"column":36},"end":{"line":93,"column":null}}},"11":{"name":"(anonymous_11)","decl":{"start":{"line":88,"column":38},"end":{"line":88,"column":46}},"loc":{"start":{"line":88,"column":46},"end":{"line":88,"column":60}}},"12":{"name":"(anonymous_12)","decl":{"start":{"line":96,"column":4},"end":{"line":96,"column":21}},"loc":{"start":{"line":96,"column":44},"end":{"line":106,"column":null}}},"13":{"name":"(anonymous_13)","decl":{"start":{"line":98,"column":20},"end":{"line":98,"column":26}},"loc":{"start":{"line":98,"column":26},"end":{"line":104,"column":9}}},"14":{"name":"(anonymous_14)","decl":{"start":{"line":99,"column":42},"end":{"line":99,"column":50}},"loc":{"start":{"line":99,"column":50},"end":{"line":99,"column":64}}}},"branchMap":{"0":{"loc":{"start":{"line":29,"column":13},"end":{"line":29,"column":71}},"type":"default-arg","locations":[{"start":{"line":29,"column":39},"end":{"line":29,"column":71}}]},"1":{"loc":{"start":{"line":30,"column":34},"end":{"line":30,"column":47}},"type":"default-arg","locations":[{"start":{"line":30,"column":44},"end":{"line":30,"column":47}}]},"2":{"loc":{"start":{"line":30,"column":47},"end":{"line":30,"column":61}},"type":"default-arg","locations":[{"start":{"line":30,"column":58},"end":{"line":30,"column":61}}]},"3":{"loc":{"start":{"line":35,"column":8},"end":{"line":37,"column":null}},"type":"if","locations":[{"start":{"line":35,"column":8},"end":{"line":37,"column":null}},{"start":{"line":35,"column":8},"end":{"line":37,"column":null}}]},"4":{"loc":{"start":{"line":38,"column":8},"end":{"line":40,"column":null}},"type":"if","locations":[{"start":{"line":38,"column":8},"end":{"line":40,"column":null}},{"start":{"line":38,"column":8},"end":{"line":40,"column":null}}]},"5":{"loc":{"start":{"line":80,"column":8},"end":{"line":80,"column":null}},"type":"if","locations":[{"start":{"line":80,"column":8},"end":{"line":80,"column":null}},{"start":{"line":80,"column":8},"end":{"line":80,"column":null}}]},"6":{"loc":{"start":{"line":89,"column":8},"end":{"line":89,"column":null}},"type":"if","locations":[{"start":{"line":89,"column":8},"end":{"line":89,"column":null}},{"start":{"line":89,"column":8},"end":{"line":89,"column":null}}]},"7":{"loc":{"start":{"line":100,"column":12},"end":{"line":103,"column":null}},"type":"if","locations":[{"start":{"line":100,"column":12},"end":{"line":103,"column":null}},{"start":{"line":100,"column":12},"end":{"line":103,"column":null}}]}},"s":{"0":0,"1":0,"2":0,"3":0,"4":0,"5":0,"6":0,"7":0,"8":0,"9":0,"10":0,"11":0,"12":0,"13":0,"14":0,"15":0,"16":0,"17":0,"18":0,"19":0,"20":0,"21":0,"22":0,"23":0,"24":0,"25":0,"26":0,"27":0,"28":0,"29":0,"30":0,"31":0,"32":0,"33":0,"34":0,"35":0,"36":0,"37":0,"38":0,"39":0,"40":0,"41":0},"f":{"0":0,"1":0,"2":0,"3":0,"4":0,"5":0,"6":0,"7":0,"8":0,"9":0,"10":0,"11":0,"12":0,"13":0,"14":0},"b":{"0":[0],"1":[0],"2":[0],"3":[0,0],"4":[0,0],"5":[0,0],"6":[0,0],"7":[0,0]}}
,"E:/workspace/project/erp-admin-system/src/router/index.ts": {"path":"E:/workspace/project/erp-admin-system/src/router/index.ts","statementMap":{"0":{"start":{"line":8,"column":39},"end":{"line":34,"column":null}},"1":{"start":{"line":12,"column":25},"end":{"line":12,"column":null}},"2":{"start":{"line":23,"column":33},"end":{"line":23,"column":null}},"3":{"start":{"line":31,"column":25},"end":{"line":31,"column":null}},"4":{"start":{"line":36,"column":15},"end":{"line":39,"column":null}},"5":{"start":{"line":42,"column":26},"end":{"line":42,"column":null}},"6":{"start":{"line":45,"column":0},"end":{"line":99,"column":null}},"7":{"start":{"line":46,"column":22},"end":{"line":46,"column":null}},"8":{"start":{"line":47,"column":18},"end":{"line":47,"column":null}},"9":{"start":{"line":50,"column":4},"end":{"line":53,"column":null}},"10":{"start":{"line":51,"column":8},"end":{"line":51,"column":null}},"11":{"start":{"line":52,"column":8},"end":{"line":52,"column":null}},"12":{"start":{"line":56,"column":4},"end":{"line":60,"column":null}},"13":{"start":{"line":57,"column":8},"end":{"line":57,"column":null}},"14":{"start":{"line":58,"column":8},"end":{"line":58,"column":null}},"15":{"start":{"line":59,"column":8},"end":{"line":59,"column":null}},"16":{"start":{"line":63,"column":4},"end":{"line":70,"column":null}},"17":{"start":{"line":64,"column":8},"end":{"line":69,"column":null}},"18":{"start":{"line":65,"column":12},"end":{"line":65,"column":null}},"19":{"start":{"line":67,"column":12},"end":{"line":67,"column":null}},"20":{"start":{"line":68,"column":12},"end":{"line":68,"column":null}},"21":{"start":{"line":73,"column":4},"end":{"line":96,"column":null}},"22":{"start":{"line":74,"column":8},"end":{"line":95,"column":null}},"23":{"start":{"line":76,"column":25},"end":{"line":76,"column":null}},"24":{"start":{"line":79,"column":26},"end":{"line":79,"column":null}},"25":{"start":{"line":82,"column":12},"end":{"line":84,"column":null}},"26":{"start":{"line":83,"column":16},"end":{"line":83,"column":null}},"27":{"start":{"line":86,"column":12},"end":{"line":86,"column":null}},"28":{"start":{"line":89,"column":12},"end":{"line":89,"column":null}},"29":{"start":{"line":90,"column":12},"end":{"line":90,"column":null}},"30":{"start":{"line":92,"column":12},"end":{"line":92,"column":null}},"31":{"start":{"line":93,"column":12},"end":{"line":93,"column":null}},"32":{"start":{"line":94,"column":12},"end":{"line":94,"column":null}},"33":{"start":{"line":98,"column":4},"end":{"line":98,"column":null}},"34":{"start":{"line":104,"column":4},"end":{"line":104,"column":null}},"35":{"start":{"line":104,"column":33},"end":{"line":104,"column":57}},"36":{"start":{"line":107,"column":54},"end":{"line":168,"column":null}},"37":{"start":{"line":118,"column":41},"end":{"line":118,"column":null}},"38":{"start":{"line":124,"column":41},"end":{"line":124,"column":null}},"39":{"start":{"line":130,"column":41},"end":{"line":130,"column":null}},"40":{"start":{"line":146,"column":41},"end":{"line":146,"column":null}},"41":{"start":{"line":162,"column":41},"end":{"line":162,"column":null}},"42":{"start":{"line":170,"column":4},"end":{"line":170,"column":null}}},"fnMap":{"0":{"name":"(anonymous_0)","decl":{"start":{"line":12,"column":19},"end":{"line":12,"column":25}},"loc":{"start":{"line":12,"column":25},"end":{"line":12,"column":null}}},"1":{"name":"(anonymous_1)","decl":{"start":{"line":23,"column":27},"end":{"line":23,"column":33}},"loc":{"start":{"line":23,"column":33},"end":{"line":23,"column":null}}},"2":{"name":"(anonymous_2)","decl":{"start":{"line":31,"column":19},"end":{"line":31,"column":25}},"loc":{"start":{"line":31,"column":25},"end":{"line":31,"column":null}}},"3":{"name":"(anonymous_3)","decl":{"start":{"line":45,"column":18},"end":{"line":45,"column":25}},"loc":{"start":{"line":45,"column":44},"end":{"line":99,"column":1}}},"4":{"name":"(anonymous_4)","decl":{"start":{"line":82,"column":26},"end":{"line":82,"column":34}},"loc":{"start":{"line":82,"column":34},"end":{"line":84,"column":13}}},"5":{"name":"getMenusByRole","decl":{"start":{"line":102,"column":15},"end":{"line":102,"column":30}},"loc":{"start":{"line":102,"column":71},"end":{"line":171,"column":null}}},"6":{"name":"(anonymous_6)","decl":{"start":{"line":104,"column":22},"end":{"line":104,"column":33}},"loc":{"start":{"line":104,"column":33},"end":{"line":104,"column":57}}},"7":{"name":"(anonymous_7)","decl":{"start":{"line":118,"column":35},"end":{"line":118,"column":41}},"loc":{"start":{"line":118,"column":41},"end":{"line":118,"column":null}}},"8":{"name":"(anonymous_8)","decl":{"start":{"line":124,"column":35},"end":{"line":124,"column":41}},"loc":{"start":{"line":124,"column":41},"end":{"line":124,"column":null}}},"9":{"name":"(anonymous_9)","decl":{"start":{"line":130,"column":35},"end":{"line":130,"column":41}},"loc":{"start":{"line":130,"column":41},"end":{"line":130,"column":null}}},"10":{"name":"(anonymous_10)","decl":{"start":{"line":146,"column":35},"end":{"line":146,"column":41}},"loc":{"start":{"line":146,"column":41},"end":{"line":146,"column":null}}},"11":{"name":"(anonymous_11)","decl":{"start":{"line":162,"column":35},"end":{"line":162,"column":41}},"loc":{"start":{"line":162,"column":41},"end":{"line":162,"column":null}}}},"branchMap":{"0":{"loc":{"start":{"line":50,"column":4},"end":{"line":53,"column":null}},"type":"if","locations":[{"start":{"line":50,"column":4},"end":{"line":53,"column":null}},{"start":{"line":50,"column":4},"end":{"line":53,"column":null}}]},"1":{"loc":{"start":{"line":56,"column":4},"end":{"line":60,"column":null}},"type":"if","locations":[{"start":{"line":56,"column":4},"end":{"line":60,"column":null}},{"start":{"line":56,"column":4},"end":{"line":60,"column":null}}]},"2":{"loc":{"start":{"line":63,"column":4},"end":{"line":70,"column":null}},"type":"if","locations":[{"start":{"line":63,"column":4},"end":{"line":70,"column":null}},{"start":{"line":63,"column":4},"end":{"line":70,"column":null}}]},"3":{"loc":{"start":{"line":63,"column":8},"end":{"line":63,"column":38}},"type":"binary-expr","locations":[{"start":{"line":63,"column":8},"end":{"line":63,"column":17}},{"start":{"line":63,"column":17},"end":{"line":63,"column":38}}]},"4":{"loc":{"start":{"line":73,"column":4},"end":{"line":96,"column":null}},"type":"if","locations":[{"start":{"line":73,"column":4},"end":{"line":96,"column":null}},{"start":{"line":73,"column":4},"end":{"line":96,"column":null}}]},"5":{"loc":{"start":{"line":76,"column":25},"end":{"line":76,"column":null}},"type":"binary-expr","locations":[{"start":{"line":76,"column":25},"end":{"line":76,"column":57}},{"start":{"line":76,"column":57},"end":{"line":76,"column":null}}]},"6":{"loc":{"start":{"line":170,"column":11},"end":{"line":170,"column":null}},"type":"binary-expr","locations":[{"start":{"line":170,"column":11},"end":{"line":170,"column":28}},{"start":{"line":170,"column":28},"end":{"line":170,"column":null}}]}},"s":{"0":0,"1":0,"2":0,"3":0,"4":0,"5":0,"6":0,"7":0,"8":0,"9":0,"10":0,"11":0,"12":0,"13":0,"14":0,"15":0,"16":0,"17":0,"18":0,"19":0,"20":0,"21":0,"22":0,"23":0,"24":0,"25":0,"26":0,"27":0,"28":0,"29":0,"30":0,"31":0,"32":0,"33":0,"34":0,"35":0,"36":0,"37":0,"38":0,"39":0,"40":0,"41":0,"42":0},"f":{"0":0,"1":0,"2":0,"3":0,"4":0,"5":0,"6":0,"7":0,"8":0,"9":0,"10":0,"11":0},"b":{"0":[0,0],"1":[0,0],"2":[0,0],"3":[0,0],"4":[0,0],"5":[0,0],"6":[0,0]}}
,"E:/workspace/project/erp-admin-system/src/stores/index.ts": {"path":"E:/workspace/project/erp-admin-system/src/stores/index.ts","statementMap":{"0":{"start":{"line":5,"column":14},"end":{"line":5,"column":null}},"1":{"start":{"line":8,"column":0},"end":{"line":8,"column":null}}},"fnMap":{},"branchMap":{},"s":{"0":0,"1":0},"f":{},"b":{}}
,"E:/workspace/project/erp-admin-system/src/stores/user.ts": {"path":"E:/workspace/project/erp-admin-system/src/stores/user.ts","statementMap":{"0":{"start":{"line":7,"column":28},"end":{"line":71,"column":null}},"1":{"start":{"line":10,"column":22},"end":{"line":10,"column":null}},"2":{"start":{"line":11,"column":25},"end":{"line":11,"column":null}},"3":{"start":{"line":13,"column":22},"end":{"line":35,"column":null}},"4":{"start":{"line":14,"column":12},"end":{"line":34,"column":null}},"5":{"start":{"line":16,"column":16},"end":{"line":16,"column":null}},"6":{"start":{"line":16,"column":45},"end":{"line":16,"column":70}},"7":{"start":{"line":17,"column":48},"end":{"line":24,"column":null}},"8":{"start":{"line":25,"column":16},"end":{"line":25,"column":null}},"9":{"start":{"line":26,"column":16},"end":{"line":26,"column":null}},"10":{"start":{"line":27,"column":16},"end":{"line":27,"column":null}},"11":{"start":{"line":28,"column":16},"end":{"line":28,"column":null}},"12":{"start":{"line":29,"column":16},"end":{"line":29,"column":null}},"13":{"start":{"line":31,"column":30},"end":{"line":31,"column":null}},"14":{"start":{"line":32,"column":16},"end":{"line":32,"column":null}},"15":{"start":{"line":33,"column":16},"end":{"line":33,"column":null}},"16":{"start":{"line":37,"column":28},"end":{"line":47,"column":null}},"17":{"start":{"line":38,"column":12},"end":{"line":38,"column":null}},"18":{"start":{"line":38,"column":30},"end":{"line":38,"column":null}},"19":{"start":{"line":39,"column":12},"end":{"line":46,"column":null}},"20":{"start":{"line":41,"column":16},"end":{"line":41,"column":null}},"21":{"start":{"line":41,"column":45},"end":{"line":41,"column":69}},"22":{"start":{"line":42,"column":16},"end":{"line":42,"column":null}},"23":{"start":{"line":44,"column":16},"end":{"line":44,"column":null}},"24":{"start":{"line":45,"column":16},"end":{"line":45,"column":null}},"25":{"start":{"line":49,"column":23},"end":{"line":54,"column":null}},"26":{"start":{"line":50,"column":12},"end":{"line":50,"column":null}},"27":{"start":{"line":51,"column":12},"end":{"line":51,"column":null}},"28":{"start":{"line":52,"column":12},"end":{"line":52,"column":null}},"29":{"start":{"line":53,"column":12},"end":{"line":53,"column":null}},"30":{"start":{"line":56,"column":8},"end":{"line":62,"column":null}}},"fnMap":{"0":{"name":"(anonymous_0)","decl":{"start":{"line":9,"column":4},"end":{"line":9,"column":10}},"loc":{"start":{"line":9,"column":10},"end":{"line":63,"column":null}}},"1":{"name":"(anonymous_1)","decl":{"start":{"line":13,"column":22},"end":{"line":13,"column":29}},"loc":{"start":{"line":13,"column":68},"end":{"line":35,"column":null}}},"2":{"name":"(anonymous_2)","decl":{"start":{"line":16,"column":34},"end":{"line":16,"column":45}},"loc":{"start":{"line":16,"column":45},"end":{"line":16,"column":70}}},"3":{"name":"(anonymous_3)","decl":{"start":{"line":37,"column":28},"end":{"line":37,"column":66}},"loc":{"start":{"line":37,"column":66},"end":{"line":47,"column":null}}},"4":{"name":"(anonymous_4)","decl":{"start":{"line":41,"column":34},"end":{"line":41,"column":45}},"loc":{"start":{"line":41,"column":45},"end":{"line":41,"column":69}}},"5":{"name":"(anonymous_5)","decl":{"start":{"line":49,"column":23},"end":{"line":49,"column":35}},"loc":{"start":{"line":49,"column":35},"end":{"line":54,"column":null}}}},"branchMap":{"0":{"loc":{"start":{"line":22,"column":32},"end":{"line":22,"column":54}},"type":"binary-expr","locations":[{"start":{"line":22,"column":32},"end":{"line":22,"column":47}},{"start":{"line":22,"column":47},"end":{"line":22,"column":54}}]},"1":{"loc":{"start":{"line":32,"column":25},"end":{"line":32,"column":48}},"type":"binary-expr","locations":[{"start":{"line":32,"column":25},"end":{"line":32,"column":42}},{"start":{"line":32,"column":42},"end":{"line":32,"column":48}}]},"2":{"loc":{"start":{"line":38,"column":12},"end":{"line":38,"column":null}},"type":"if","locations":[{"start":{"line":38,"column":12},"end":{"line":38,"column":null}},{"start":{"line":38,"column":12},"end":{"line":38,"column":null}}]}},"s":{"0":0,"1":0,"2":0,"3":0,"4":0,"5":0,"6":0,"7":0,"8":0,"9":0,"10":0,"11":0,"12":0,"13":0,"14":0,"15":0,"16":0,"17":0,"18":0,"19":0,"20":0,"21":0,"22":0,"23":0,"24":0,"25":0,"26":0,"27":0,"28":0,"29":0,"30":0},"f":{"0":0,"1":0,"2":0,"3":0,"4":0,"5":0},"b":{"0":[0,0],"1":[0,0],"2":[0,0]}}
,"E:/workspace/project/erp-admin-system/src/types/system/menu.ts": {"path":"E:/workspace/project/erp-admin-system/src/types/system/menu.ts","statementMap":{"0":{"start":{"line":24,"column":33},"end":{"line":28,"column":null}},"1":{"start":{"line":31,"column":28},"end":{"line":38,"column":null}}},"fnMap":{},"branchMap":{},"s":{"0":0,"1":0},"f":{},"b":{}}
[...]
line":277,"column":46}}]},"22":{"loc":{"start":{"line":289,"column":15},"end":{"line":289,"column":null}},"type":"binary-expr","locations":[{"start":{"line":289,"column":15},"end":{"line":289,"column":32}},{"start":{"line":289,"column":15},"end":{"line":289,"column":null}}]},"23":{"loc":{"start":{"line":292,"column":12},"end":{"line":292,"column":null}},"type":"binary-expr","locations":[{"start":{"line":292,"column":12},"end":{"line":292,"column":14}},{"start":{"line":292,"column":12},"end":{"line":292,"column":null}}]},"24":{"loc":{"start":{"line":310,"column":25},"end":{"line":310,"column":54}},"type":"binary-expr","locations":[{"start":{"line":310,"column":25},"end":{"line":310,"column":27}},{"start":{"line":310,"column":25},"end":{"line":310,"column":54}}]},"25":{"loc":{"start":{"line":310,"column":56},"end":{"line":310,"column":68}},"type":"binary-expr","locations":[{"start":{"line":310,"column":56},"end":{"line":310,"column":68}},{"start":{"line":310,"column":56},"end":{"line":310,"column":68}}]},"26":{"loc":{"start":{"line":311,"column":61},"end":{"line":311,"column":73}},"type":"binary-expr","locations":[{"start":{"line":311,"column":61},"end":{"line":311,"column":73}},{"start":{"line":311,"column":61},"end":{"line":311,"column":73}}]},"27":{"loc":{"start":{"line":298,"column":14},"end":{"line":296,"column":32}},"type":"binary-expr","locations":[{"start":{"line":298,"column":14},"end":{"line":298,"column":null}},{"start":{"line":298,"column":14},"end":{"line":296,"column":32}}]},"28":{"loc":{"start":{"line":305,"column":18},"end":{"line":305,"column":null}},"type":"binary-expr","locations":[{"start":{"line":305,"column":18},"end":{"line":305,"column":21}},{"start":{"line":305,"column":18},"end":{"line":305,"column":null}}]}},"s":{"0":0,"1":0,"2":0,"3":0,"4":0,"5":0,"6":0,"7":0,"8":0,"9":0,"10":0,"11":0,"12":0,"13":0,"14":0,"15":0,"16":0,"17":0,"18":0,"19":0,"20":0,"21":0,"22":0,"23":0,"24":0,"25":0,"26":0,"27":0,"28":0,"29":0,"30":0,"31":0,"32":0,"33":0,"34":0,"35":0,"36":0,"37":0,"38":0,"39":0,"40":0,"41":0,"42":0,"43":0,"44":0,"45":0,"46":0,"47":0,"48":0,"49":0,"50":0,"51":0,"52":0,"53":0,"54":0,"55":0,"56":0,"57":0,"58":0,"59":0,"60":0,"61":0,"62":0,"63":0,"64":0,"65":0,"66":0,"67":0,"68":0,"69":0,"70":0,"71":0,"72":0,"73":0,"74":0,"75":0,"76":0,"77":0,"78":0,"79":0,"80":0,"81":0,"82":0,"83":0,"84":0,"85":0,"86":0},"f":{"0":0,"1":0,"2":0,"3":0,"4":0,"5":0,"6":0,"7":0,"8":0,"9":0,"10":0,"11":0,"12":0,"13":0,"14":0,"15":0,"16":0,"17":0,"18":0,"19":0,"20":0,"21":0,"22":0,"23":0,"24":0,"25":0,"26":0,"27":0,"28":0,"29":0,"30":0,"31":0,"32":0,"33":0,"34":0,"35":0},"b":{"0":[0,0],"1":[0,0],"2":[0,0],"3":[0,0],"4":[0,0],"5":[0,0],"6":[0,0],"7":[0,0],"8":[0,0],"9":[0,0],"10":[0,0],"11":[0,0],"12":[0,0],"13":[0,0],"14":[0,0],"15":[0,0],"16":[0,0],"17":[0,0],"18":[0,0],"19":[0,0],"20":[0,0],"21":[0,0],"22":[0,0],"23":[0,0],"24":[0,0],"25":[0,0],"26":[0,0],"27":[0,0],"28":[0,0]}}
,"E:/workspace/project/erp-admin-system/src/views/system/user/index.vue": {"path":"E:/workspace/project/erp-admin-system/src/views/system/user/index.vue","statementMap":{"0":{"start":{"line":12,"column":20},"end":{"line":24,"column":null}},"1":{"start":{"line":27,"column":85},"end":{"line":27,"column":null}},"2":{"start":{"line":28,"column":43},"end":{"line":28,"column":null}},"3":{"start":{"line":31,"column":20},"end":{"line":31,"column":null}},"4":{"start":{"line":34,"column":18},"end":{"line":34,"column":null}},"5":{"start":{"line":35,"column":19},"end":{"line":43,"column":null}},"6":{"start":{"line":46,"column":19},"end":{"line":57,"column":null}},"7":{"start":{"line":47,"column":36},"end":{"line":52,"column":null}},"8":{"start":{"line":54,"column":19},"end":{"line":54,"column":null}},"9":{"start":{"line":55,"column":4},"end":{"line":55,"column":null}},"10":{"start":{"line":56,"column":4},"end":{"line":56,"column":null}},"11":{"start":{"line":60,"column":2},"end":{"line":62,"column":null}},"12":{"start":{"line":61,"column":4},"end":{"line":61,"column":null}},"13":{"start":{"line":65,"column":23},"end":{"line":77,"column":null}},"14":{"start":{"line":66,"column":36},"end":{"line":71,"column":null}},"15":{"start":{"line":73,"column":19},"end":{"line":73,"column":null}},"16":{"start":{"line":74,"column":4},"end":{"line":74,"column":null}},"17":{"start":{"line":75,"column":4},"end":{"line":75,"column":null}},"18":{"start":{"line":76,"column":4},"end":{"line":76,"column":null}},"19":{"start":{"line":80,"column":22},"end":{"line":83,"column":null}},"20":{"start":{"line":81,"column":4},"end":{"line":81,"column":null}},"21":{"start":{"line":82,"column":4},"end":{"line":82,"column":null}},"22":{"start":{"line":86,"column":20},"end":{"line":97,"column":null}},"23":{"start":{"line":87,"column":4},"end":{"line":87,"column":null}},"24":{"start":{"line":88,"column":4},"end":{"line":96,"column":null}},"25":{"start":{"line":100,"column":21},"end":{"line":103,"column":null}},"26":{"start":{"line":101,"column":4},"end":{"line":101,"column":null}},"27":{"start":{"line":102,"column":4},"end":{"line":102,"column":null}},"28":{"start":{"line":106,"column":23},"end":{"line":115,"column":null}},"29":{"start":{"line":107,"column":4},"end":{"line":114,"column":null}},"30":{"start":{"line":108,"column":6},"end":{"line":108,"column":null}},"31":{"start":{"line":109,"column":6},"end":{"line":109,"column":null}},"32":{"start":{"line":110,"column":6},"end":{"line":110,"column":null}},"33":{"start":{"line":111,"column":6},"end":{"line":111,"column":null}},"34":{"start":{"line":118,"column":23},"end":{"line":144,"column":null}},"35":{"start":{"line":119,"column":4},"end":{"line":141,"column":null}},"36":{"start":{"line":121,"column":6},"end":{"line":128,"column":null}},"37":{"start":{"line":129,"column":6},"end":{"line":129,"column":null}},"38":{"start":{"line":132,"column":6},"end":{"line":139,"column":null}},"39":{"start":{"line":140,"column":6},"end":{"line":140,"column":null}},"40":{"start":{"line":142,"column":4},"end":{"line":142,"column":null}},"41":{"start":{"line":143,"column":4},"end":{"line":143,"column":null}},"42":{"start":{"line":148,"column":7},"end":{"line":148,"column":null}},"43":{"start":{"line":149,"column":9},"end":{"line":149,"column":null}},"44":{"start":{"line":204,"column":9},"end":{"line":204,"column":null}},"45":{"start":{"line":151,"column":55},"end":{"line":151,"column":67}},"46":{"start":{"line":181,"column":86},"end":{"line":null,"column":-1}},"47":{"start":{"line":190,"column":48},"end":{"line":null,"column":-1}},"48":{"start":{"line":197,"column":49},"end":{"line":197,"column":66}},"49":{"start":{"line":197,"column":68},"end":{"line":197,"column":80}},"50":{"start":{"line":198,"column":48},"end":{"line":198,"column":70}},"51":{"start":{"line":198,"column":72},"end":{"line":198,"column":84}},"52":{"start":{"line":206,"column":30},"end":{"line":206,"column":null}},"53":{"start":{"line":207,"column":27},"end":{"line":207,"column":null}},"54":{"start":{"line":218,"column":15},"end":{"line":218,"column":null}},"55":{"start":{"line":251,"column":36},"end":{"line":251,"column":48}},"56":{"start":{"line":252,"column":58},"end":{"line":252,"column":70}},"57":{"start":{"line":225,"column":29},"end":{"line":225,"column":48}},"58":{"start":{"line":228,"column":29},"end":{"line":228,"column":48}},"59":{"start":{"line":231,"column":30},"end":{"line":231,"column":45}},"60":{"start":{"line":238,"column":29},"end":{"line":238,"column":45}},"61":{"start":{"line":241,"column":29},"end":{"line":241,"column":45}},"62":{"start":{"line":244,"column":35},"end":{"line":244,"column":null}},"63":{"start":{"line":245,"column":35},"end":{"line":245,"column":46}},"64":{"start":{"line":246,"column":35},"end":{"line":246,"column":46}}},"fnMap":{"0":{"name":"(anonymous_1)","decl":{"start":{"line":46,"column":19},"end":{"line":46,"column":25}},"loc":{"start":{"line":46,"column":25},"end":{"line":57,"column":null}}},"1":{"name":"(anonymous_2)","decl":{"start":{"line":60,"column":12},"end":{"line":60,"column":18}},"loc":{"start":{"line":60,"column":18},"end":{"line":62,"column":3}}},"2":{"name":"(anonymous_3)","decl":{"start":{"line":65,"column":23},"end":{"line":65,"column":24}},"loc":{"start":{"line":65,"column":58},"end":{"line":77,"column":null}}},"3":{"name":"(anonymous_4)","decl":{"start":{"line":80,"column":22},"end":{"line":80,"column":28}},"loc":{"start":{"line":80,"column":28},"end":{"line":83,"column":null}}},"4":{"name":"(anonymous_5)","decl":{"start":{"line":86,"column":20},"end":{"line":86,"column":26}},"loc":{"start":{"line":86,"column":26},"end":{"line":97,"column":null}}},"5":{"name":"(anonymous_6)","decl":{"start":{"line":100,"column":21},"end":{"line":100,"column":22}},"loc":{"start":{"line":100,"column":43},"end":{"line":103,"column":null}}},"6":{"name":"(anonymous_7)","decl":{"start":{"line":106,"column":23},"end":{"line":106,"column":30}},"loc":{"start":{"line":106,"column":45},"end":{"line":115,"column":null}}},"7":{"name":"(anonymous_8)","decl":{"start":{"line":118,"column":23},"end":{"line":118,"column":35}},"loc":{"start":{"line":118,"column":35},"end":{"line":144,"column":null}}},"8":{"name":"(anonymous_10)","decl":{"start":{"line":151,"column":51},"end":{"line":151,"column":55}},"loc":{"start":{"line":151,"column":55},"end":{"line":151,"column":67}}},"9":{"name":"(anonymous_13)","decl":{"start":{"line":181,"column":12},"end":{"line":181,"column":15}},"loc":{"start":{"line":181,"column":86},"end":{"line":null,"column":-1}}},"10":{"name":"(anonymous_15)","decl":{"start":{"line":190,"column":12},"end":{"line":190,"column":15}},"loc":{"start":{"line":190,"column":48},"end":{"line":null,"column":-1}}},"11":{"name":"(anonymous_17)","decl":{"start":{"line":197,"column":47},"end":{"line":197,"column":49}},"loc":{"start":{"line":197,"column":49},"end":{"line":197,"column":66}}},"12":{"name":"(anonymous_18)","decl":{"start":{"line":197,"column":66},"end":{"line":197,"column":68}},"loc":{"start":{"line":197,"column":68},"end":{"line":197,"column":80}}},"13":{"name":"(anonymous_19)","decl":{"start":{"line":198,"column":46},"end":{"line":198,"column":48}},"loc":{"start":{"line":198,"column":48},"end":{"line":198,"column":70}}},"14":{"name":"(anonymous_20)","decl":{"start":{"line":198,"column":70},"end":{"line":198,"column":72}},"loc":{"start":{"line":198,"column":72},"end":{"line":198,"column":84}}},"15":{"name":"(anonymous_21)","decl":{"start":{"line":206,"column":41},"end":{"line":206,"column":48}},"loc":{"start":{"line":206,"column":30},"end":{"line":206,"column":null}}},"16":{"name":"(anonymous_22)","decl":{"start":{"line":207,"column":38},"end":{"line":207,"column":46}},"loc":{"start":{"line":207,"column":27},"end":{"line":207,"column":null}}},"17":{"name":"(anonymous_23)","decl":{"start":{"line":218,"column":15},"end":{"line":218,"column":22}},"loc":{"start":{"line":218,"column":15},"end":{"line":218,"column":null}}},"18":{"name":"(anonymous_25)","decl":{"start":{"line":251,"column":34},"end":{"line":251,"column":36}},"loc":{"start":{"line":251,"column":36},"end":{"line":251,"column":48}}},"19":{"name":"(anonymous_26)","decl":{"start":{"line":252,"column":56},"end":{"line":252,"column":58}},"loc":{"start":{"line":252,"column":58},"end":{"line":252,"column":70}}},"20":{"name":"(anonymous_30)","decl":{"start":{"line":225,"column":38},"end":{"line":225,"column":46}},"loc":{"start":{"line":225,"column":29},"end":{"line":225,"column":48}}},"21":{"name":"(anonymous_32)","decl":{"start":{"line":228,"column":38},"end":{"line":228,"column":46}},"loc":{"start":{"line":228,"column":29},"end":{"line":228,"column":48}}},"22":{"name":"(anonymous_34)","decl":{"start":{"line":231,"column":39},"end":{"line":231,"column":43}},"loc":{"start":{"line":231,"column":30},"end":{"line":231,"column":45}}},"23":{"name":"(anonymous_37)","decl":{"start":{"line":238,"column":38},"end":{"line":238,"column":43}},"loc":{"start":{"line":238,"column":29},"end":{"line":238,"column":45}}},"24":{"name":"(anonymous_39)","decl":{"start":{"line":241,"column":38},"end":{"line":241,"column":43}},"loc":{"start":{"line":241,"column":29},"end":{"line":241,"column":45}}},"25":{"name":"(anonymous_41)","decl":{"start":{"line":244,"column":44},"end":{"line":244,"column":50}},"loc":{"start":{"line":244,"column":35},"end":{"line":244,"column":null}}},"26":{"name":"(anonymous_43)","decl":{"start":{"line":245,"column":33},"end":{"line":245,"column":35}},"loc":{"start":{"line":245,"column":35},"end":{"line":245,"column":46}}},"27":{"name":"(anonymous_44)","decl":{"start":{"line":246,"column":33},"end":{"line":246,"column":35}},"loc":{"start":{"line":246,"column":35},"end":{"line":246,"column":46}}}},"branchMap":{"0":{"loc":{"start":{"line":67,"column":16},"end":{"line":67,"column":null}},"type":"binary-expr","locations":[{"start":{"line":67,"column":16},"end":{"line":67,"column":37}},{"start":{"line":67,"column":37},"end":{"line":67,"column":null}}]},"1":{"loc":{"start":{"line":119,"column":4},"end":{"line":141,"column":null}},"type":"if","locations":[{"start":{"line":119,"column":4},"end":{"line":141,"column":null}},{"start":{"line":130,"column":11},"end":{"line":141,"column":null}}]},"2":{"loc":{"start":{"line":152,"column":10},"end":{"line":150,"column":19}},"type":"binary-expr","locations":[{"start":{"line":152,"column":10},"end":{"line":152,"column":null}},{"start":{"line":152,"column":10},"end":{"line":150,"column":19}}]},"3":{"loc":{"start":{"line":151,"column":55},"end":{"line":151,"column":67}},"type":"binary-expr","locations":[{"start":{"line":151,"column":55},"end":{"line":151,"column":67}},{"start":{"line":151,"column":55},"end":{"line":151,"column":67}}]},"4":{"loc":{"start":{"line":179,"column":19},"end":{"line":179,"column":null}},"type":"cond-expr","locations":[{"start":{"line":179,"column":27},"end":{"line":179,"column":53}},{"start":{"line":179,"column":53},"end":{"line":179,"column":null}}]},"5":{"loc":{"start":{"line":179,"column":53},"end":{"line":179,"column":null}},"type":"cond-expr","locations":[{"start":{"line":179,"column":61},"end":{"line":179,"column":null}},{"start":{"line":179,"column":61},"end":{"line":179,"column":null}}]},"6":{"loc":{"start":{"line":181,"column":15},"end":{"line":181,"column":86}},"type":"cond-expr","locations":[{"start":{"line":181,"column":23},"end":{"line":181,"column":46}},{"start":{"line":181,"column":46},"end":{"line":181,"column":86}}]},"7":{"loc":{"start":{"line":181,"column":46},"end":{"line":181,"column":86}},"type":"cond-expr","locations":[{"start":{"line":181,"column":54},"end":{"line":181,"column":86}},{"start":{"line":181,"column":54},"end":{"line":181,"column":86}}]},"8":{"loc":{"start":{"line":189,"column":25},"end":{"line":189,"column":null}},"type":"cond-expr","locations":[{"start":{"line":189,"column":35},"end":{"line":189,"column":null}},{"start":{"line":189,"column":35},"end":{"line":189,"column":null}}]},"9":{"loc":{"start":{"line":190,"column":15},"end":{"line":190,"column":48}},"type":"cond-expr","locations":[{"start":{"line":190,"column":25},"end":{"line":190,"column":48}},{"start":{"line":190,"column":25},"end":{"line":190,"column":48}}]},"10":{"loc":{"start":{"line":197,"column":68},"end":{"line":197,"column":80}},"type":"binary-expr","locations":[{"start":{"line":197,"column":68},"end":{"line":197,"column":80}},{"start":{"line":197,"column":68},"end":{"line":197,"column":80}}]},"11":{"loc":{"start":{"line":198,"column":72},"end":{"line":198,"column":84}},"type":"binary-expr","locations":[{"start":{"line":198,"column":72},"end":{"line":198,"column":84}},{"start":{"line":198,"column":72},"end":{"line":198,"column":84}}]},"12":{"loc":{"start":{"line":206,"column":41},"end":{"line":206,"column":null}},"type":"binary-expr","locations":[{"start":{"line":206,"column":41},"end":{"line":206,"column":48}},{"start":{"line":206,"column":41},"end":{"line":206,"column":null}}]},"13":{"loc":{"start":{"line":207,"column":38},"end":{"line":207,"column":null}},"type":"binary-expr","locations":[{"start":{"line":207,"column":38},"end":{"line":207,"column":46}},{"start":{"line":207,"column":38},"end":{"line":207,"column":null}}]},"14":{"loc":{"start":{"line":218,"column":15},"end":{"line":218,"column":null}},"type":"binary-expr","locations":[{"start":{"line":218,"column":15},"end":{"line":218,"column":22}},{"start":{"line":218,"column":15},"end":{"line":218,"column":null}}]},"15":{"loc":{"start":{"line":219,"column":14},"end":{"line":219,"column":null}},"type":"cond-expr","locations":[{"start":{"line":219,"column":20},"end":{"line":219,"column":null}},{"start":{"line":219,"column":20},"end":{"line":219,"column":null}}]},"16":{"loc":{"start":{"line":251,"column":36},"end":{"line":251,"column":48}},"type":"binary-expr","locations":[{"start":{"line":251,"column":36},"end":{"line":251,"column":48}},{"start":{"line":251,"column":36},"end":{"line":251,"column":48}}]},"17":{"loc":{"start":{"line":252,"column":58},"end":{"line":252,"column":70}},"type":"binary-expr","locations":[{"start":{"line":252,"column":58},"end":{"line":252,"column":70}},{"start":{"line":252,"column":58},"end":{"line":252,"column":70}}]},"18":{"loc":{"start":{"line":225,"column":38},"end":{"line":225,"column":48}},"type":"binary-expr","locations":[{"start":{"line":225,"column":38},"end":{"line":225,"column":46}},{"start":{"line":225,"column":38},"end":{"line":225,"column":48}}]},"19":{"loc":{"start":{"line":228,"column":38},"end":{"line":228,"column":48}},"type":"binary-expr","locations":[{"start":{"line":228,"column":38},"end":{"line":228,"column":46}},{"start":{"line":228,"column":38},"end":{"line":228,"column":48}}]},"20":{"loc":{"start":{"line":231,"column":39},"end":{"line":231,"column":45}},"type":"binary-expr","locations":[{"start":{"line":231,"column":39},"end":{"line":231,"column":43}},{"start":{"line":231,"column":39},"end":{"line":231,"column":45}}]},"21":{"loc":{"start":{"line":238,"column":38},"end":{"line":238,"column":45}},"type":"binary-expr","locations":[{"start":{"line":238,"column":38},"end":{"line":238,"column":43}},{"start":{"line":238,"column":38},"end":{"line":238,"column":45}}]},"22":{"loc":{"start":{"line":241,"column":38},"end":{"line":241,"column":45}},"type":"binary-expr","locations":[{"start":{"line":241,"column":38},"end":{"line":241,"column":43}},{"start":{"line":241,"column":38},"end":{"line":241,"column":45}}]},"23":{"loc":{"start":{"line":244,"column":44},"end":{"line":244,"column":null}},"type":"binary-expr","locations":[{"start":{"line":244,"column":44},"end":{"line":244,"column":50}},{"start":{"line":244,"column":44},"end":{"line":244,"column":null}}]},"24":{"loc":{"start":{"line":245,"column":35},"end":{"line":245,"column":46}},"type":"binary-expr","locations":[{"start":{"line":245,"column":35},"end":{"line":245,"column":46}},{"start":{"line":245,"column":35},"end":{"line":245,"column":46}}]},"25":{"loc":{"start":{"line":246,"column":35},"end":{"line":246,"column":46}},"type":"binary-expr","locations":[{"start":{"line":246,"column":35},"end":{"line":246,"column":46}},{"start":{"line":246,"column":35},"end":{"line":246,"column":46}}]}},"s":{"0":0,"1":0,"2":0,"3":0,"4":0,"5":0,"6":0,"7":0,"8":0,"9":0,"10":0,"11":0,"12":0,"13":0,"14":0,"15":0,"16":0,"17":0,"18":0,"19":0,"20":0,"21":0,"22":0,"23":0,"24":0,"25":0,"26":0,"27":0,"28":0,"29":0,"30":0,"31":0,"32":0,"33":0,"34":0,"35":0,"36":0,"37":0,"38":0,"39":0,"40":0,"41":0,"42":0,"43":0,"44":0,"45":0,"46":0,"47":0,"48":0,"49":0,"50":0,"51":0,"52":0,"53":0,"54":0,"55":0,"56":0,"57":0,"58":0,"59":0,"60":0,"61":0,"62":0,"63":0,"64":0},"f":{"0":0,"1":0,"2":0,"3":0,"4":0,"5":0,"6":0,"7":0,"8":0,"9":0,"10":0,"11":0,"12":0,"13":0,"14":0,"15":0,"16":0,"17":0,"18":0,"19":0,"20":0,"21":0,"22":0,"23":0,"24":0,"25":0,"26":0,"27":0},"b":{"0":[0,0],"1":[0,0],"2":[0,0],"3":[0,0],"4":[0,0],"5":[0,0],"6":[0,0],"7":[0,0],"8":[0,0],"9":[0,0],"10":[0,0],"11":[0,0],"12":[0,0],"13":[0,0],"14":[0,0],"15":[0,0],"16":[0,0],"17":[0,0],"18":[0,0],"19":[0,0],"20":[0,0],"21":[0,0],"22":[0,0],"23":[0,0],"24":[0,0],"25":[0,0]}}
}
